<?xml version="1.0" encoding="UTF-8"?>
<coverage generated="1771549211943" clover="3.2.0">
  <project timestamp="1771549211943" name="All files">
    <metrics statements="599" coveredstatements="447" conditionals="442" coveredconditionals="299" methods="86" coveredmethods="64" elements="1127" coveredelements="810" complexity="0" loc="599" ncloc="599" packages="7" files="8" classes="8"/>
    <package name="hooks">
      <metrics statements="48" coveredstatements="2" conditionals="21" coveredconditionals="0" methods="7" coveredmethods="0"/>
      <file name="useEventDateTime.ts" path="/Users/rogelioguz/Documents/Code House/Activos/happy_dreamersV2/hooks/useEventDateTime.ts">
        <metrics statements="48" coveredstatements="2" conditionals="21" coveredconditionals="0" methods="7" coveredmethods="0"/>
        <line num="2" count="1" type="stmt"/>
        <line num="7" count="1" type="stmt"/>
        <line num="9" count="0" type="stmt"/>
        <line num="10" count="0" type="stmt"/>
        <line num="11" count="0" type="stmt"/>
        <line num="12" count="0" type="cond" truecount="0" falsecount="2"/>
        <line num="13" count="0" type="stmt"/>
        <line num="15" count="0" type="stmt"/>
        <line num="17" count="0" type="stmt"/>
        <line num="21" count="0" type="stmt"/>
        <line num="22" count="0" type="stmt"/>
        <line num="23" count="0" type="stmt"/>
        <line num="24" count="0" type="stmt"/>
        <line num="25" count="0" type="stmt"/>
        <line num="26" count="0" type="stmt"/>
        <line num="27" count="0" type="stmt"/>
        <line num="29" count="0" type="stmt"/>
        <line num="33" count="0" type="stmt"/>
        <line num="34" count="0" type="stmt"/>
        <line num="35" count="0" type="stmt"/>
        <line num="36" count="0" type="stmt"/>
        <line num="37" count="0" type="stmt"/>
        <line num="38" count="0" type="stmt"/>
        <line num="39" count="0" type="stmt"/>
        <line num="41" count="0" type="stmt"/>
        <line num="45" count="0" type="stmt"/>
        <line num="46" count="0" type="stmt"/>
        <line num="48" count="0" type="cond" truecount="0" falsecount="4"/>
        <line num="49" count="0" type="stmt"/>
        <line num="50" count="0" type="cond" truecount="0" falsecount="4"/>
        <line num="51" count="0" type="stmt"/>
        <line num="52" count="0" type="cond" truecount="0" falsecount="4"/>
        <line num="53" count="0" type="stmt"/>
        <line num="54" count="0" type="cond" truecount="0" falsecount="4"/>
        <line num="55" count="0" type="stmt"/>
        <line num="57" count="0" type="stmt"/>
        <line num="62" count="0" type="stmt"/>
        <line num="63" count="0" type="cond" truecount="0" falsecount="3"/>
        <line num="65" count="0" type="stmt"/>
        <line num="66" count="0" type="stmt"/>
        <line num="67" count="0" type="stmt"/>
        <line num="68" count="0" type="stmt"/>
        <line num="70" count="0" type="stmt"/>
        <line num="74" count="0" type="stmt"/>
        <line num="75" count="0" type="stmt"/>
        <line num="76" count="0" type="stmt"/>
        <line num="78" count="0" type="stmt"/>
        <line num="81" count="0" type="stmt"/>
      </file>
    </package>
    <package name="lib.diagnostic">
      <metrics statements="21" coveredstatements="13" conditionals="9" coveredconditionals="4" methods="2" coveredmethods="2"/>
      <file name="age-schedules.ts" path="/Users/rogelioguz/Documents/Code House/Activos/happy_dreamersV2/lib/diagnostic/age-schedules.ts">
        <metrics statements="21" coveredstatements="13" conditionals="9" coveredconditionals="4" methods="2" coveredmethods="2"/>
        <line num="18" count="1" type="stmt"/>
        <line num="250" count="1" type="stmt"/>
        <line num="252" count="84" type="stmt"/>
        <line num="253" count="540" type="cond" truecount="3" falsecount="0"/>
        <line num="254" count="84" type="stmt"/>
        <line num="259" count="0" type="cond" truecount="0" falsecount="1"/>
        <line num="260" count="0" type="stmt"/>
        <line num="263" count="0" type="stmt"/>
        <line num="270" count="1" type="stmt"/>
        <line num="281" count="1" type="stmt"/>
        <line num="282" count="42" type="stmt"/>
        <line num="284" count="42" type="cond" truecount="1" falsecount="0"/>
        <line num="285" count="0" type="cond" truecount="0" falsecount="1"/>
        <line num="286" count="0" type="cond" truecount="0" falsecount="1"/>
        <line num="287" count="0" type="cond" truecount="0" falsecount="1"/>
        <line num="288" count="0" type="cond" truecount="0" falsecount="1"/>
        <line num="290" count="0" type="stmt"/>
        <line num="294" count="1" type="stmt"/>
        <line num="295" count="1" type="stmt"/>
        <line num="296" count="1" type="stmt"/>
        <line num="297" count="1" type="stmt"/>
      </file>
    </package>
    <package name="lib.diagnostic.rules">
      <metrics statements="246" coveredstatements="162" conditionals="255" coveredconditionals="166" methods="40" coveredmethods="25"/>
      <file name="schedule-rules.ts" path="/Users/rogelioguz/Documents/Code House/Activos/happy_dreamersV2/lib/diagnostic/rules/schedule-rules.ts">
        <metrics statements="246" coveredstatements="162" conditionals="255" coveredconditionals="166" methods="40" coveredmethods="25"/>
        <line num="5" count="1" type="stmt"/>
        <line num="12" count="1" type="stmt"/>
        <line num="19" count="1" type="stmt"/>
        <line num="67" count="92" type="cond" truecount="3" falsecount="0"/>
        <line num="68" count="34" type="stmt"/>
        <line num="69" count="34" type="stmt"/>
        <line num="77" count="21" type="stmt"/>
        <line num="78" count="21" type="stmt"/>
        <line num="80" count="21" type="cond" truecount="2" falsecount="1"/>
        <line num="82" count="0" type="stmt"/>
        <line num="84" count="0" type="cond" truecount="0" falsecount="1"/>
        <line num="85" count="0" type="stmt"/>
        <line num="88" count="0" type="stmt"/>
        <line num="98" count="0" type="cond" truecount="0" falsecount="1"/>
        <line num="99" count="0" type="cond" truecount="0" falsecount="1"/>
        <line num="100" count="0" type="cond" truecount="0" falsecount="1"/>
        <line num="101" count="0" type="stmt"/>
        <line num="108" count="21" type="stmt"/>
        <line num="109" count="21" type="stmt"/>
        <line num="112" count="21" type="cond" truecount="1" falsecount="0"/>
        <line num="113" count="21" type="stmt"/>
        <line num="127" count="0" type="cond" truecount="0" falsecount="2"/>
        <line num="129" count="0" type="stmt"/>
        <line num="155" count="21" type="cond" truecount="9" falsecount="3"/>
        <line num="161" count="21" type="stmt"/>
        <line num="162" count="21" type="cond" truecount="7" falsecount="0"/>
        <line num="163" count="5" type="stmt"/>
        <line num="164" count="5" type="stmt"/>
        <line num="167" count="21" type="cond" truecount="1" falsecount="0"/>
        <line num="168" count="16" type="stmt"/>
        <line num="180" count="5" type="cond" truecount="3" falsecount="0"/>
        <line num="181" count="5" type="stmt"/>
        <line num="193" count="0" type="stmt"/>
        <line num="194" count="0" type="stmt"/>
        <line num="195" count="0" type="cond" truecount="0" falsecount="2"/>
        <line num="197" count="0" type="stmt"/>
        <line num="222" count="21" type="stmt"/>
        <line num="225" count="21" type="stmt"/>
        <line num="226" count="21" type="stmt"/>
        <line num="228" count="21" type="cond" truecount="1" falsecount="0"/>
        <line num="230" count="19" type="cond" truecount="10" falsecount="1"/>
        <line num="231" count="4" type="stmt"/>
        <line num="232" count="4" type="stmt"/>
        <line num="234" count="4" type="cond" truecount="3" falsecount="0"/>
        <line num="236" count="4" type="stmt"/>
        <line num="237" count="4" type="cond" truecount="1" falsecount="0"/>
        <line num="238" count="4" type="stmt"/>
        <line num="240" count="4" type="stmt"/>
        <line num="241" count="4" type="stmt"/>
        <line num="242" count="4" type="cond" truecount="2" falsecount="0"/>
        <line num="243" count="3" type="cond" truecount="0" falsecount="1"/>
        <line num="245" count="4" type="stmt"/>
        <line num="258" count="15" type="stmt"/>
        <line num="271" count="2" type="stmt"/>
        <line num="272" count="2" type="stmt"/>
        <line num="273" count="2" type="cond" truecount="1" falsecount="1"/>
        <line num="274" count="2" type="cond" truecount="0" falsecount="1"/>
        <line num="276" count="2" type="stmt"/>
        <line num="301" count="21" type="stmt"/>
        <line num="303" count="21" type="cond" truecount="0" falsecount="1"/>
        <line num="304" count="0" type="stmt"/>
        <line num="317" count="21" type="cond" truecount="1" falsecount="0"/>
        <line num="318" count="2" type="stmt"/>
        <line num="331" count="19" type="stmt"/>
        <line num="333" count="19" type="cond" truecount="2" falsecount="0"/>
        <line num="338" count="19" type="cond" truecount="1" falsecount="0"/>
        <line num="340" count="17" type="cond" truecount="4" falsecount="0"/>
        <line num="341" count="17" type="cond" truecount="4" falsecount="0"/>
        <line num="343" count="17" type="cond" truecount="3" falsecount="0"/>
        <line num="345" count="6" type="cond" truecount="3" falsecount="0"/>
        <line num="346" count="2" type="stmt"/>
        <line num="347" count="2" type="stmt"/>
        <line num="348" count="2" type="stmt"/>
        <line num="349" count="2" type="cond" truecount="1" falsecount="1"/>
        <line num="350" count="0" type="cond" truecount="0" falsecount="1"/>
        <line num="352" count="2" type="stmt"/>
        <line num="365" count="4" type="cond" truecount="3" falsecount="0"/>
        <line num="366" count="3" type="stmt"/>
        <line num="367" count="3" type="stmt"/>
        <line num="368" count="3" type="stmt"/>
        <line num="369" count="3" type="stmt"/>
        <line num="370" count="3" type="cond" truecount="1" falsecount="1"/>
        <line num="371" count="3" type="cond" truecount="1" falsecount="0"/>
        <line num="373" count="3" type="stmt"/>
        <line num="388" count="14" type="stmt"/>
        <line num="389" count="14" type="stmt"/>
        <line num="392" count="14" type="stmt"/>
        <line num="393" count="14" type="stmt"/>
        <line num="394" count="14" type="cond" truecount="2" falsecount="0"/>
        <line num="395" count="2" type="cond" truecount="0" falsecount="1"/>
        <line num="397" count="14" type="stmt"/>
        <line num="422" count="21" type="stmt"/>
        <line num="424" count="21" type="cond" truecount="3" falsecount="0"/>
        <line num="425" count="2" type="stmt"/>
        <line num="438" count="19" type="stmt"/>
        <line num="439" count="19" type="stmt"/>
        <line num="440" count="19" type="stmt"/>
        <line num="442" count="19" type="cond" truecount="1" falsecount="0"/>
        <line num="444" count="18" type="cond" truecount="5" falsecount="0"/>
        <line num="445" count="5" type="stmt"/>
        <line num="446" count="5" type="cond" truecount="3" falsecount="0"/>
        <line num="447" count="4" type="stmt"/>
        <line num="448" count="4" type="cond" truecount="2" falsecount="0"/>
        <line num="450" count="4" type="stmt"/>
        <line num="465" count="14" type="stmt"/>
        <line num="478" count="1" type="stmt"/>
        <line num="479" count="1" type="cond" truecount="1" falsecount="1"/>
        <line num="481" count="1" type="stmt"/>
        <line num="507" count="21" type="cond" truecount="12" falsecount="7"/>
        <line num="510" count="21" type="stmt"/>
        <line num="511" count="21" type="cond" truecount="7" falsecount="0"/>
        <line num="512" count="5" type="stmt"/>
        <line num="513" count="5" type="stmt"/>
        <line num="517" count="21" type="stmt"/>
        <line num="518" count="21" type="stmt"/>
        <line num="520" count="21" type="cond" truecount="1" falsecount="0"/>
        <line num="521" count="16" type="stmt"/>
        <line num="533" count="5" type="cond" truecount="3" falsecount="0"/>
        <line num="534" count="5" type="stmt"/>
        <line num="546" count="0" type="stmt"/>
        <line num="547" count="0" type="stmt"/>
        <line num="548" count="0" type="cond" truecount="0" falsecount="2"/>
        <line num="550" count="0" type="stmt"/>
        <line num="574" count="0" type="cond" truecount="0" falsecount="1"/>
        <line num="575" count="0" type="stmt"/>
        <line num="576" count="0" type="stmt"/>
        <line num="577" count="0" type="stmt"/>
        <line num="579" count="0" type="stmt"/>
        <line num="588" count="147" type="stmt"/>
        <line num="589" count="147" type="stmt"/>
        <line num="591" count="147" type="stmt"/>
        <line num="592" count="147" type="stmt"/>
        <line num="593" count="147" type="stmt"/>
        <line num="595" count="147" type="stmt"/>
        <line num="597" count="0" type="cond" truecount="0" falsecount="1"/>
        <line num="598" count="0" type="stmt"/>
        <line num="599" count="0" type="cond" truecount="0" falsecount="2"/>
        <line num="602" count="0" type="stmt"/>
        <line num="603" count="0" type="stmt"/>
        <line num="604" count="0" type="stmt"/>
        <line num="615" count="147" type="stmt"/>
        <line num="618" count="147" type="stmt"/>
        <line num="619" count="0" type="stmt"/>
        <line num="622" count="147" type="cond" truecount="1" falsecount="0"/>
        <line num="624" count="0" type="stmt"/>
        <line num="625" count="0" type="stmt"/>
        <line num="626" count="0" type="stmt"/>
        <line num="630" count="0" type="cond" truecount="0" falsecount="3"/>
        <line num="634" count="0" type="cond" truecount="0" falsecount="2"/>
        <line num="637" count="0" type="stmt"/>
        <line num="640" count="0" type="stmt"/>
        <line num="641" count="0" type="stmt"/>
        <line num="644" count="0" type="cond" truecount="0" falsecount="3"/>
        <line num="645" count="0" type="stmt"/>
        <line num="649" count="0" type="stmt"/>
        <line num="660" count="0" type="stmt"/>
        <line num="661" count="0" type="stmt"/>
        <line num="664" count="0" type="cond" truecount="0" falsecount="3"/>
        <line num="665" count="0" type="stmt"/>
        <line num="670" count="0" type="stmt"/>
        <line num="672" count="0" type="stmt"/>
        <line num="673" count="0" type="stmt"/>
        <line num="674" count="0" type="stmt"/>
        <line num="675" count="0" type="stmt"/>
        <line num="676" count="0" type="stmt"/>
        <line num="681" count="0" type="stmt"/>
        <line num="683" count="0" type="cond" truecount="0" falsecount="1"/>
        <line num="684" count="0" type="cond" truecount="0" falsecount="1"/>
        <line num="685" count="0" type="stmt"/>
        <line num="696" count="21" type="stmt"/>
        <line num="699" count="21" type="cond" truecount="3" falsecount="1"/>
        <line num="700" count="0" type="stmt"/>
        <line num="713" count="21" type="stmt"/>
        <line num="714" count="21" type="stmt"/>
        <line num="716" count="21" type="stmt"/>
        <line num="717" count="147" type="stmt"/>
        <line num="718" count="147" type="stmt"/>
        <line num="719" count="147" type="stmt"/>
        <line num="720" count="147" type="stmt"/>
        <line num="722" count="147" type="cond" truecount="0" falsecount="1"/>
        <line num="723" count="0" type="stmt"/>
        <line num="728" count="21" type="cond" truecount="1" falsecount="0"/>
        <line num="729" count="21" type="stmt"/>
        <line num="734" count="61" type="stmt"/>
        <line num="742" count="0" type="stmt"/>
        <line num="743" count="0" type="stmt"/>
        <line num="745" count="0" type="stmt"/>
        <line num="746" count="0" type="stmt"/>
        <line num="747" count="0" type="stmt"/>
        <line num="748" count="0" type="stmt"/>
        <line num="750" count="0" type="cond" truecount="0" falsecount="1"/>
        <line num="751" count="0" type="stmt"/>
        <line num="752" count="0" type="stmt"/>
        <line num="757" count="0" type="stmt"/>
        <line num="760" count="0" type="stmt"/>
        <line num="761" count="0" type="stmt"/>
        <line num="764" count="0" type="cond" truecount="0" falsecount="2"/>
        <line num="765" count="0" type="stmt"/>
        <line num="766" count="0" type="cond" truecount="0" falsecount="2"/>
        <line num="767" count="0" type="stmt"/>
        <line num="769" count="0" type="stmt"/>
        <line num="770" count="0" type="stmt"/>
        <line num="773" count="0" type="stmt"/>
        <line num="792" count="21" type="cond" truecount="2" falsecount="2"/>
        <line num="793" count="21" type="stmt"/>
        <line num="797" count="0" type="stmt"/>
        <line num="799" count="0" type="stmt"/>
        <line num="800" count="0" type="stmt"/>
        <line num="801" count="0" type="stmt"/>
        <line num="808" count="111" type="cond" truecount="1" falsecount="0"/>
        <line num="809" count="9" type="cond" truecount="1" falsecount="0"/>
        <line num="810" count="0" type="stmt"/>
        <line num="819" count="21" type="stmt"/>
        <line num="820" count="147" type="stmt"/>
        <line num="821" count="21" type="stmt"/>
        <line num="822" count="147" type="stmt"/>
        <line num="823" count="125" type="stmt"/>
        <line num="825" count="21" type="stmt"/>
        <line num="836" count="1" type="stmt"/>
        <line num="839" count="21" type="stmt"/>
        <line num="842" count="21" type="stmt"/>
        <line num="845" count="21" type="stmt"/>
        <line num="846" count="21" type="stmt"/>
        <line num="847" count="21" type="stmt"/>
        <line num="848" count="21" type="stmt"/>
        <line num="849" count="21" type="stmt"/>
        <line num="850" count="21" type="stmt"/>
        <line num="851" count="21" type="stmt"/>
        <line num="853" count="21" type="stmt"/>
        <line num="863" count="21" type="stmt"/>
        <line num="864" count="21" type="stmt"/>
        <line num="868" count="21" type="cond" truecount="11" falsecount="3"/>
        <line num="875" count="21" type="stmt"/>
        <line num="876" count="21" type="stmt"/>
        <line num="877" count="21" type="stmt"/>
        <line num="878" count="21" type="stmt"/>
        <line num="880" count="21" type="stmt"/>
        <line num="924" count="147" type="stmt"/>
        <line num="925" count="147" type="stmt"/>
        <line num="926" count="147" type="stmt"/>
        <line num="928" count="21" type="cond" truecount="0" falsecount="1"/>
        <line num="929" count="0" type="stmt"/>
        <line num="932" count="21" type="cond" truecount="1" falsecount="0"/>
        <line num="933" count="12" type="stmt"/>
        <line num="936" count="9" type="stmt"/>
        <line num="939" count="1" type="stmt"/>
      </file>
    </package>
    <package name="lib.growth">
      <metrics statements="110" coveredstatements="106" conditionals="50" coveredconditionals="44" methods="12" coveredmethods="12"/>
      <file name="height-percentile.ts" path="/Users/rogelioguz/Documents/Code House/Activos/happy_dreamersV2/lib/growth/height-percentile.ts">
        <metrics statements="55" coveredstatements="53" conditionals="25" coveredconditionals="22" methods="6" coveredmethods="6"/>
        <line num="11" count="1" type="stmt"/>
        <line num="40" count="1" type="stmt"/>
        <line num="68" count="1" type="stmt"/>
        <line num="69" count="15" type="cond" truecount="1" falsecount="0"/>
        <line num="70" count="14" type="stmt"/>
        <line num="71" count="14" type="cond" truecount="1" falsecount="0"/>
        <line num="72" count="9" type="stmt"/>
        <line num="74" count="5" type="cond" truecount="1" falsecount="0"/>
        <line num="75" count="5" type="stmt"/>
        <line num="77" count="0" type="stmt"/>
        <line num="85" count="16" type="cond" truecount="1" falsecount="0"/>
        <line num="86" count="15" type="cond" truecount="1" falsecount="0"/>
        <line num="87" count="14" type="stmt"/>
        <line num="88" count="14" type="stmt"/>
        <line num="89" count="14" type="stmt"/>
        <line num="90" count="14" type="stmt"/>
        <line num="91" count="14" type="stmt"/>
        <line num="92" count="14" type="stmt"/>
        <line num="93" count="14" type="cond" truecount="2" falsecount="0"/>
        <line num="94" count="14" type="stmt"/>
        <line num="95" count="14" type="stmt"/>
        <line num="97" count="14" type="stmt"/>
        <line num="99" count="14" type="stmt"/>
        <line num="110" count="16" type="stmt"/>
        <line num="112" count="16" type="stmt"/>
        <line num="113" count="16" type="stmt"/>
        <line num="115" count="16" type="cond" truecount="3" falsecount="0"/>
        <line num="116" count="15" type="stmt"/>
        <line num="117" count="15" type="stmt"/>
        <line num="118" count="15" type="stmt"/>
        <line num="121" count="1" type="stmt"/>
        <line num="122" count="1" type="stmt"/>
        <line num="123" count="1" type="stmt"/>
        <line num="125" count="1" type="stmt"/>
        <line num="138" count="16" type="cond" truecount="2" falsecount="1"/>
        <line num="139" count="16" type="cond" truecount="0" falsecount="1"/>
        <line num="140" count="0" type="stmt"/>
        <line num="142" count="16" type="stmt"/>
        <line num="153" count="16" type="stmt"/>
        <line num="154" count="16" type="stmt"/>
        <line num="155" count="16" type="stmt"/>
        <line num="157" count="16" type="stmt"/>
        <line num="158" count="16" type="stmt"/>
        <line num="168" count="1" type="stmt"/>
        <line num="173" count="17" type="cond" truecount="1" falsecount="0"/>
        <line num="179" count="2" type="stmt"/>
        <line num="182" count="15" type="stmt"/>
        <line num="184" count="15" type="cond" truecount="1" falsecount="0"/>
        <line num="185" count="1" type="stmt"/>
        <line num="186" count="1" type="stmt"/>
        <line num="187" count="1" type="cond" truecount="2" falsecount="1"/>
        <line num="188" count="1" type="stmt"/>
        <line num="191" count="14" type="cond" truecount="2" falsecount="0"/>
        <line num="192" count="14" type="stmt"/>
        <line num="195" count="1" type="stmt"/>
      </file>
      <file name="weight-percentile.ts" path="/Users/rogelioguz/Documents/Code House/Activos/happy_dreamersV2/lib/growth/weight-percentile.ts">
        <metrics statements="55" coveredstatements="53" conditionals="25" coveredconditionals="22" methods="6" coveredmethods="6"/>
        <line num="11" count="1" type="stmt"/>
        <line num="40" count="1" type="stmt"/>
        <line num="68" count="1" type="stmt"/>
        <line num="69" count="65" type="cond" truecount="1" falsecount="0"/>
        <line num="70" count="64" type="stmt"/>
        <line num="71" count="64" type="cond" truecount="1" falsecount="0"/>
        <line num="72" count="36" type="stmt"/>
        <line num="74" count="28" type="cond" truecount="1" falsecount="0"/>
        <line num="75" count="28" type="stmt"/>
        <line num="77" count="0" type="stmt"/>
        <line num="85" count="66" type="cond" truecount="1" falsecount="0"/>
        <line num="86" count="65" type="cond" truecount="1" falsecount="0"/>
        <line num="87" count="64" type="stmt"/>
        <line num="88" count="64" type="stmt"/>
        <line num="89" count="64" type="stmt"/>
        <line num="90" count="64" type="stmt"/>
        <line num="91" count="64" type="stmt"/>
        <line num="92" count="64" type="stmt"/>
        <line num="93" count="64" type="cond" truecount="2" falsecount="0"/>
        <line num="94" count="64" type="stmt"/>
        <line num="95" count="64" type="stmt"/>
        <line num="97" count="64" type="stmt"/>
        <line num="99" count="64" type="stmt"/>
        <line num="111" count="66" type="stmt"/>
        <line num="113" count="66" type="stmt"/>
        <line num="114" count="66" type="stmt"/>
        <line num="117" count="66" type="cond" truecount="3" falsecount="0"/>
        <line num="118" count="65" type="stmt"/>
        <line num="119" count="65" type="stmt"/>
        <line num="120" count="65" type="stmt"/>
        <line num="124" count="1" type="stmt"/>
        <line num="125" count="1" type="stmt"/>
        <line num="126" count="1" type="stmt"/>
        <line num="128" count="1" type="stmt"/>
        <line num="141" count="66" type="cond" truecount="2" falsecount="1"/>
        <line num="142" count="66" type="cond" truecount="0" falsecount="1"/>
        <line num="144" count="0" type="stmt"/>
        <line num="146" count="66" type="stmt"/>
        <line num="156" count="1" type="stmt"/>
        <line num="161" count="71" type="cond" truecount="1" falsecount="0"/>
        <line num="167" count="6" type="stmt"/>
        <line num="170" count="65" type="stmt"/>
        <line num="173" count="65" type="cond" truecount="1" falsecount="0"/>
        <line num="174" count="1" type="stmt"/>
        <line num="175" count="1" type="stmt"/>
        <line num="176" count="1" type="cond" truecount="2" falsecount="1"/>
        <line num="177" count="1" type="stmt"/>
        <line num="180" count="64" type="cond" truecount="2" falsecount="0"/>
        <line num="181" count="64" type="stmt"/>
        <line num="192" count="66" type="stmt"/>
        <line num="193" count="66" type="stmt"/>
        <line num="194" count="66" type="stmt"/>
        <line num="197" count="66" type="stmt"/>
        <line num="198" count="66" type="stmt"/>
        <line num="201" count="1" type="stmt"/>
      </file>
    </package>
    <package name="lib.narrative">
      <metrics statements="106" coveredstatements="106" conditionals="59" coveredconditionals="52" methods="13" coveredmethods="13"/>
      <file name="generate-narrative.ts" path="/Users/rogelioguz/Documents/Code House/Activos/happy_dreamersV2/lib/narrative/generate-narrative.ts">
        <metrics statements="106" coveredstatements="106" conditionals="59" coveredconditionals="52" methods="13" coveredmethods="13"/>
        <line num="15" count="1" type="stmt"/>
        <line num="65" count="17" type="stmt"/>
        <line num="72" count="1" type="stmt"/>
        <line num="73" count="1" type="stmt"/>
        <line num="74" count="1" type="stmt"/>
        <line num="81" count="7" type="cond" truecount="1" falsecount="0"/>
        <line num="82" count="2" type="stmt"/>
        <line num="84" count="5" type="stmt"/>
        <line num="85" count="5" type="stmt"/>
        <line num="86" count="5" type="cond" truecount="1" falsecount="0"/>
        <line num="87" count="2" type="cond" truecount="2" falsecount="0"/>
        <line num="89" count="3" type="cond" truecount="2" falsecount="0"/>
        <line num="103" count="9" type="stmt"/>
        <line num="105" count="9" type="cond" truecount="1" falsecount="0"/>
        <line num="107" count="2" type="stmt"/>
        <line num="110" count="7" type="cond" truecount="1" falsecount="0"/>
        <line num="112" count="4" type="cond" truecount="1" falsecount="0"/>
        <line num="113" count="2" type="stmt"/>
        <line num="115" count="2" type="stmt"/>
        <line num="118" count="3" type="cond" truecount="1" falsecount="0"/>
        <line num="120" count="2" type="cond" truecount="1" falsecount="0"/>
        <line num="121" count="1" type="stmt"/>
        <line num="123" count="1" type="stmt"/>
        <line num="127" count="1" type="stmt"/>
        <line num="138" count="5" type="stmt"/>
        <line num="141" count="5" type="cond" truecount="3" falsecount="0"/>
        <line num="142" count="1" type="stmt"/>
        <line num="143" count="1" type="stmt"/>
        <line num="144" count="1" type="stmt"/>
        <line num="148" count="4" type="cond" truecount="1" falsecount="0"/>
        <line num="149" count="2" type="stmt"/>
        <line num="153" count="2" type="cond" truecount="3" falsecount="0"/>
        <line num="154" count="1" type="stmt"/>
        <line num="155" count="1" type="stmt"/>
        <line num="158" count="1" type="stmt"/>
        <line num="169" count="7" type="stmt"/>
        <line num="172" count="7" type="stmt"/>
        <line num="173" count="7" type="cond" truecount="4" falsecount="0"/>
        <line num="174" count="1" type="stmt"/>
        <line num="178" count="7" type="cond" truecount="1" falsecount="0"/>
        <line num="179" count="5" type="stmt"/>
        <line num="183" count="2" type="cond" truecount="3" falsecount="0"/>
        <line num="184" count="1" type="stmt"/>
        <line num="185" count="1" type="stmt"/>
        <line num="188" count="1" type="stmt"/>
        <line num="199" count="2" type="stmt"/>
        <line num="202" count="2" type="cond" truecount="1" falsecount="0"/>
        <line num="203" count="1" type="stmt"/>
        <line num="204" count="1" type="stmt"/>
        <line num="207" count="1" type="stmt"/>
        <line num="218" count="4" type="stmt"/>
        <line num="221" count="4" type="stmt"/>
        <line num="223" count="4" type="cond" truecount="1" falsecount="0"/>
        <line num="224" count="2" type="stmt"/>
        <line num="225" count="2" type="stmt"/>
        <line num="227" count="2" type="cond" truecount="1" falsecount="0"/>
        <line num="228" count="1" type="stmt"/>
        <line num="231" count="2" type="stmt"/>
        <line num="234" count="2" type="cond" truecount="1" falsecount="0"/>
        <line num="235" count="1" type="stmt"/>
        <line num="238" count="1" type="stmt"/>
        <line num="245" count="3" type="stmt"/>
        <line num="248" count="3" type="cond" truecount="1" falsecount="0"/>
        <line num="249" count="2" type="cond" truecount="1" falsecount="0"/>
        <line num="250" count="1" type="stmt"/>
        <line num="252" count="1" type="stmt"/>
        <line num="255" count="1" type="stmt"/>
        <line num="263" count="4" type="stmt"/>
        <line num="265" count="4" type="cond" truecount="1" falsecount="0"/>
        <line num="266" count="2" type="stmt"/>
        <line num="269" count="2" type="stmt"/>
        <line num="276" count="4" type="stmt"/>
        <line num="277" count="4" type="cond" truecount="2" falsecount="0"/>
        <line num="279" count="4" type="cond" truecount="1" falsecount="0"/>
        <line num="281" count="3" type="cond" truecount="2" falsecount="0"/>
        <line num="282" count="3" type="stmt"/>
        <line num="285" count="1" type="stmt"/>
        <line num="302" count="1" type="stmt"/>
        <line num="307" count="39" type="stmt"/>
        <line num="310" count="39" type="cond" truecount="3" falsecount="0"/>
        <line num="311" count="9" type="stmt"/>
        <line num="314" count="30" type="cond" truecount="1" falsecount="0"/>
        <line num="315" count="5" type="stmt"/>
        <line num="318" count="25" type="cond" truecount="1" falsecount="0"/>
        <line num="319" count="7" type="stmt"/>
        <line num="322" count="18" type="cond" truecount="1" falsecount="0"/>
        <line num="323" count="2" type="stmt"/>
        <line num="326" count="16" type="cond" truecount="1" falsecount="0"/>
        <line num="327" count="4" type="stmt"/>
        <line num="330" count="12" type="cond" truecount="1" falsecount="0"/>
        <line num="331" count="3" type="stmt"/>
        <line num="334" count="9" type="cond" truecount="1" falsecount="0"/>
        <line num="335" count="4" type="stmt"/>
        <line num="338" count="5" type="cond" truecount="1" falsecount="0"/>
        <line num="339" count="4" type="stmt"/>
        <line num="343" count="1" type="stmt"/>
        <line num="353" count="1" type="stmt"/>
        <line num="357" count="8" type="stmt"/>
        <line num="359" count="8" type="cond" truecount="1" falsecount="0"/>
        <line num="360" count="1" type="stmt"/>
        <line num="364" count="7" type="stmt"/>
        <line num="365" count="7" type="cond" truecount="3" falsecount="0"/>
        <line num="366" count="3" type="stmt"/>
        <line num="367" count="3" type="stmt"/>
        <line num="368" count="3" type="stmt"/>
        <line num="372" count="4" type="stmt"/>
      </file>
    </package>
    <package name="lib.utils">
      <metrics statements="44" coveredstatements="34" conditionals="34" coveredconditionals="19" methods="8" coveredmethods="8"/>
      <file name="sleep-sessions.ts" path="/Users/rogelioguz/Documents/Code House/Activos/happy_dreamersV2/lib/utils/sleep-sessions.ts">
        <metrics statements="44" coveredstatements="34" conditionals="34" coveredconditionals="19" methods="8" coveredmethods="8"/>
        <line num="4" count="1" type="stmt"/>
        <line num="39" count="1" type="stmt"/>
        <line num="43" count="19" type="stmt"/>
        <line num="44" count="19" type="stmt"/>
        <line num="47" count="19" type="cond" truecount="1" falsecount="1"/>
        <line num="48" count="19" type="cond" truecount="1" falsecount="1"/>
        <line num="51" count="19" type="stmt"/>
        <line num="52" count="42" type="cond" truecount="3" falsecount="0"/>
        <line num="53" count="18" type="stmt"/>
        <line num="56" count="18" type="stmt"/>
        <line num="57" count="18" type="stmt"/>
        <line num="58" count="18" type="stmt"/>
        <line num="59" count="18" type="stmt"/>
        <line num="61" count="18" type="cond" truecount="1" falsecount="2"/>
        <line num="62" count="0" type="stmt"/>
        <line num="63" count="0" type="cond" truecount="0" falsecount="2"/>
        <line num="66" count="0" type="cond" truecount="0" falsecount="1"/>
        <line num="67" count="0" type="stmt"/>
        <line num="68" count="0" type="stmt"/>
        <line num="72" count="0" type="cond" truecount="0" falsecount="3"/>
        <line num="73" count="0" type="stmt"/>
        <line num="74" count="0" type="stmt"/>
        <line num="78" count="0" type="cond" truecount="0" falsecount="3"/>
        <line num="79" count="0" type="stmt"/>
        <line num="84" count="18" type="stmt"/>
        <line num="85" count="42" type="cond" truecount="4" falsecount="0"/>
        <line num="91" count="18" type="stmt"/>
        <line num="95" count="18" type="stmt"/>
        <line num="96" count="18" type="stmt"/>
        <line num="98" count="42" type="cond" truecount="1" falsecount="0"/>
        <line num="100" count="16" type="cond" truecount="0" falsecount="1"/>
        <line num="102" count="16" type="cond" truecount="0" falsecount="1"/>
        <line num="104" count="16" type="cond" truecount="1" falsecount="0"/>
        <line num="106" count="14" type="cond" truecount="3" falsecount="0"/>
        <line num="107" count="11" type="stmt"/>
        <line num="111" count="18" type="stmt"/>
        <line num="114" count="18" type="cond" truecount="1" falsecount="0"/>
        <line num="115" count="16" type="stmt"/>
        <line num="116" count="38" type="cond" truecount="2" falsecount="0"/>
        <line num="119" count="16" type="cond" truecount="1" falsecount="0"/>
        <line num="120" count="1" type="stmt"/>
        <line num="125" count="18" type="stmt"/>
        <line num="142" count="42" type="stmt"/>
        <line num="144" count="19" type="stmt"/>
      </file>
    </package>
    <package name="lib.validations">
      <metrics statements="24" coveredstatements="24" conditionals="14" coveredconditionals="14" methods="4" coveredmethods="4"/>
      <file name="event.ts" path="/Users/rogelioguz/Documents/Code House/Activos/happy_dreamersV2/lib/validations/event.ts">
        <metrics statements="24" coveredstatements="24" conditionals="14" coveredconditionals="14" methods="4" coveredmethods="4"/>
        <line num="2" count="1" type="stmt"/>
        <line num="3" count="1" type="stmt"/>
        <line num="8" count="1" type="stmt"/>
        <line num="26" count="6" type="cond" truecount="3" falsecount="0"/>
        <line num="27" count="4" type="stmt"/>
        <line num="28" count="4" type="stmt"/>
        <line num="29" count="4" type="stmt"/>
        <line num="31" count="2" type="stmt"/>
        <line num="37" count="6" type="cond" truecount="4" falsecount="0"/>
        <line num="38" count="3" type="stmt"/>
        <line num="39" count="3" type="stmt"/>
        <line num="40" count="3" type="stmt"/>
        <line num="41" count="3" type="stmt"/>
        <line num="43" count="3" type="stmt"/>
        <line num="57" count="1" type="stmt"/>
        <line num="69" count="1" type="stmt"/>
        <line num="70" count="6" type="stmt"/>
        <line num="72" count="6" type="cond" truecount="1" falsecount="0"/>
        <line num="74" count="5" type="stmt"/>
        <line num="75" count="5" type="cond" truecount="2" falsecount="0"/>
        <line num="81" count="1" type="stmt"/>
        <line num="82" count="16" type="stmt"/>
        <line num="89" count="16" type="cond" truecount="2" falsecount="0"/>
        <line num="90" count="16" type="cond" truecount="2" falsecount="0"/>
      </file>
    </package>
  </project>
</coverage>
