{"/Users/rogelioguz/Documents/Code House/Activos/happy_dreamersV2/hooks/useEventDateTime.ts": {"path":"/Users/rogelioguz/Documents/Code House/Activos/happy_dreamersV2/hooks/useEventDateTime.ts","statementMap":{"0":{"start":{"line":2,"column":0},"end":{"line":2,"column":45}},"1":{"start":{"line":7,"column":32},"end":{"line":88,"column":1}},"2":{"start":{"line":9,"column":36},"end":{"line":18,"column":3}},"3":{"start":{"line":10,"column":17},"end":{"line":10,"column":28}},"4":{"start":{"line":11,"column":27},"end":{"line":11,"column":66}},"5":{"start":{"line":12,"column":4},"end":{"line":16,"column":5}},"6":{"start":{"line":13,"column":6},"end":{"line":13,"column":null}},"7":{"start":{"line":15,"column":6},"end":{"line":15,"column":null}},"8":{"start":{"line":17,"column":4},"end":{"line":17,"column":null}},"9":{"start":{"line":21,"column":32},"end":{"line":30,"column":8}},"10":{"start":{"line":22,"column":16},"end":{"line":22,"column":53}},"11":{"start":{"line":23,"column":17},"end":{"line":23,"column":34}},"12":{"start":{"line":24,"column":18},"end":{"line":24,"column":61}},"13":{"start":{"line":25,"column":16},"end":{"line":25,"column":54}},"14":{"start":{"line":26,"column":18},"end":{"line":26,"column":57}},"15":{"start":{"line":27,"column":20},"end":{"line":27,"column":61}},"16":{"start":{"line":29,"column":4},"end":{"line":29,"column":null}},"17":{"start":{"line":33,"column":25},"end":{"line":42,"column":8}},"18":{"start":{"line":34,"column":14},"end":{"line":34,"column":45}},"19":{"start":{"line":35,"column":17},"end":{"line":35,"column":32}},"20":{"start":{"line":36,"column":18},"end":{"line":36,"column":59}},"21":{"start":{"line":37,"column":16},"end":{"line":37,"column":52}},"22":{"start":{"line":38,"column":18},"end":{"line":38,"column":55}},"23":{"start":{"line":39,"column":20},"end":{"line":39,"column":59}},"24":{"start":{"line":41,"column":4},"end":{"line":41,"column":null}},"25":{"start":{"line":45,"column":29},"end":{"line":59,"column":8}},"26":{"start":{"line":46,"column":17},"end":{"line":46,"column":32}},"27":{"start":{"line":48,"column":4},"end":{"line":58,"column":5}},"28":{"start":{"line":49,"column":6},"end":{"line":49,"column":21}},"29":{"start":{"line":50,"column":11},"end":{"line":58,"column":5}},"30":{"start":{"line":51,"column":6},"end":{"line":51,"column":20}},"31":{"start":{"line":52,"column":11},"end":{"line":58,"column":5}},"32":{"start":{"line":53,"column":6},"end":{"line":53,"column":19}},"33":{"start":{"line":54,"column":11},"end":{"line":58,"column":5}},"34":{"start":{"line":55,"column":6},"end":{"line":55,"column":28}},"35":{"start":{"line":57,"column":6},"end":{"line":57,"column":21}},"36":{"start":{"line":62,"column":28},"end":{"line":71,"column":8}},"37":{"start":{"line":63,"column":4},"end":{"line":63,"column":null}},"38":{"start":{"line":63,"column":32},"end":{"line":63,"column":null}},"39":{"start":{"line":65,"column":18},"end":{"line":65,"column":37}},"40":{"start":{"line":66,"column":16},"end":{"line":66,"column":33}},"41":{"start":{"line":67,"column":19},"end":{"line":67,"column":50}},"42":{"start":{"line":68,"column":22},"end":{"line":68,"column":47}},"43":{"start":{"line":70,"column":4},"end":{"line":70,"column":54}},"44":{"start":{"line":74,"column":28},"end":{"line":79,"column":22}},"45":{"start":{"line":75,"column":18},"end":{"line":75,"column":37}},"46":{"start":{"line":76,"column":16},"end":{"line":76,"column":58}},"47":{"start":{"line":78,"column":4},"end":{"line":78,"column":null}},"48":{"start":{"line":81,"column":2},"end":{"line":87,"column":null}},"49":{"start":{"line":7,"column":13},"end":{"line":7,"column":32}}},"fnMap":{"0":{"name":"(anonymous_0)","decl":{"start":{"line":7,"column":32},"end":{"line":7,"column":35}},"loc":{"start":{"line":7,"column":37},"end":{"line":88,"column":1}}},"1":{"name":"(anonymous_1)","decl":{"start":{"line":9,"column":36},"end":{"line":9,"column":37}},"loc":{"start":{"line":9,"column":48},"end":{"line":18,"column":3}}},"2":{"name":"(anonymous_2)","decl":{"start":{"line":21,"column":44},"end":{"line":21,"column":47}},"loc":{"start":{"line":21,"column":49},"end":{"line":30,"column":3}}},"3":{"name":"(anonymous_3)","decl":{"start":{"line":33,"column":37},"end":{"line":33,"column":38}},"loc":{"start":{"line":33,"column":52},"end":{"line":42,"column":3}}},"4":{"name":"(anonymous_4)","decl":{"start":{"line":45,"column":41},"end":{"line":45,"column":42}},"loc":{"start":{"line":45,"column":56},"end":{"line":59,"column":3}}},"5":{"name":"(anonymous_5)","decl":{"start":{"line":62,"column":40},"end":{"line":62,"column":41}},"loc":{"start":{"line":62,"column":79},"end":{"line":71,"column":3}}},"6":{"name":"(anonymous_6)","decl":{"start":{"line":74,"column":40},"end":{"line":74,"column":41}},"loc":{"start":{"line":74,"column":62},"end":{"line":79,"column":3}}}},"branchMap":{"0":{"loc":{"start":{"line":12,"column":4},"end":{"line":16,"column":5}},"type":"if","locations":[{"start":{"line":12,"column":4},"end":{"line":16,"column":5}},{"start":{"line":14,"column":11},"end":{"line":16,"column":5}}]},"1":{"loc":{"start":{"line":48,"column":4},"end":{"line":58,"column":5}},"type":"if","locations":[{"start":{"line":48,"column":4},"end":{"line":58,"column":5}},{"start":{"line":50,"column":11},"end":{"line":58,"column":5}}]},"2":{"loc":{"start":{"line":48,"column":8},"end":{"line":48,"column":30}},"type":"binary-expr","locations":[{"start":{"line":48,"column":8},"end":{"line":48,"column":18}},{"start":{"line":48,"column":22},"end":{"line":48,"column":30}}]},"3":{"loc":{"start":{"line":50,"column":11},"end":{"line":58,"column":5}},"type":"if","locations":[{"start":{"line":50,"column":11},"end":{"line":58,"column":5}},{"start":{"line":52,"column":11},"end":{"line":58,"column":5}}]},"4":{"loc":{"start":{"line":50,"column":15},"end":{"line":50,"column":37}},"type":"binary-expr","locations":[{"start":{"line":50,"column":15},"end":{"line":50,"column":24}},{"start":{"line":50,"column":28},"end":{"line":50,"column":37}}]},"5":{"loc":{"start":{"line":52,"column":11},"end":{"line":58,"column":5}},"type":"if","locations":[{"start":{"line":52,"column":11},"end":{"line":58,"column":5}},{"start":{"line":54,"column":11},"end":{"line":58,"column":5}}]},"6":{"loc":{"start":{"line":52,"column":15},"end":{"line":52,"column":38}},"type":"binary-expr","locations":[{"start":{"line":52,"column":15},"end":{"line":52,"column":25}},{"start":{"line":52,"column":29},"end":{"line":52,"column":38}}]},"7":{"loc":{"start":{"line":54,"column":11},"end":{"line":58,"column":5}},"type":"if","locations":[{"start":{"line":54,"column":11},"end":{"line":58,"column":5}},{"start":{"line":56,"column":11},"end":{"line":58,"column":5}}]},"8":{"loc":{"start":{"line":54,"column":15},"end":{"line":54,"column":37}},"type":"binary-expr","locations":[{"start":{"line":54,"column":15},"end":{"line":54,"column":25}},{"start":{"line":54,"column":29},"end":{"line":54,"column":37}}]},"9":{"loc":{"start":{"line":63,"column":4},"end":{"line":63,"column":null}},"type":"if","locations":[{"start":{"line":63,"column":4},"end":{"line":63,"column":null}}]},"10":{"loc":{"start":{"line":63,"column":8},"end":{"line":63,"column":30}},"type":"binary-expr","locations":[{"start":{"line":63,"column":8},"end":{"line":63,"column":18}},{"start":{"line":63,"column":22},"end":{"line":63,"column":30}}]}},"s":{"0":1,"1":1,"2":0,"3":0,"4":0,"5":0,"6":0,"7":0,"8":0,"9":0,"10":0,"11":0,"12":0,"13":0,"14":0,"15":0,"16":0,"17":0,"18":0,"19":0,"20":0,"21":0,"22":0,"23":0,"24":0,"25":0,"26":0,"27":0,"28":0,"29":0,"30":0,"31":0,"32":0,"33":0,"34":0,"35":0,"36":0,"37":0,"38":0,"39":0,"40":0,"41":0,"42":0,"43":0,"44":0,"45":0,"46":0,"47":0,"48":0,"49":1},"f":{"0":0,"1":0,"2":0,"3":0,"4":0,"5":0,"6":0},"b":{"0":[0,0],"1":[0,0],"2":[0,0],"3":[0,0],"4":[0,0],"5":[0,0],"6":[0,0],"7":[0,0],"8":[0,0],"9":[0],"10":[0,0]}}
,"/Users/rogelioguz/Documents/Code House/Activos/happy_dreamersV2/lib/diagnostic/age-schedules.ts": {"path":"/Users/rogelioguz/Documents/Code House/Activos/happy_dreamersV2/lib/diagnostic/age-schedules.ts","statementMap":{"0":{"start":{"line":250,"column":0},"end":{"line":250,"column":16}},"1":{"start":{"line":281,"column":0},"end":{"line":281,"column":16}},"2":{"start":{"line":18,"column":13},"end":{"line":244,"column":null}},"3":{"start":{"line":252,"column":2},"end":{"line":256,"column":3}},"4":{"start":{"line":253,"column":4},"end":{"line":255,"column":5}},"5":{"start":{"line":254,"column":6},"end":{"line":254,"column":null}},"6":{"start":{"line":259,"column":2},"end":{"line":261,"column":3}},"7":{"start":{"line":260,"column":4},"end":{"line":260,"column":null}},"8":{"start":{"line":263,"column":2},"end":{"line":263,"column":null}},"9":{"start":{"line":270,"column":13},"end":{"line":276,"column":null}},"10":{"start":{"line":282,"column":19},"end":{"line":282,"column":45}},"11":{"start":{"line":284,"column":2},"end":{"line":284,"column":null}},"12":{"start":{"line":284,"column":20},"end":{"line":284,"column":null}},"13":{"start":{"line":285,"column":2},"end":{"line":285,"column":null}},"14":{"start":{"line":285,"column":22},"end":{"line":285,"column":null}},"15":{"start":{"line":286,"column":2},"end":{"line":286,"column":null}},"16":{"start":{"line":286,"column":22},"end":{"line":286,"column":null}},"17":{"start":{"line":287,"column":2},"end":{"line":287,"column":null}},"18":{"start":{"line":287,"column":22},"end":{"line":287,"column":null}},"19":{"start":{"line":288,"column":2},"end":{"line":288,"column":null}},"20":{"start":{"line":288,"column":21},"end":{"line":288,"column":null}},"21":{"start":{"line":290,"column":2},"end":{"line":290,"column":12}},"22":{"start":{"line":294,"column":13},"end":{"line":294,"column":41}},"23":{"start":{"line":295,"column":13},"end":{"line":295,"column":41}},"24":{"start":{"line":296,"column":13},"end":{"line":296,"column":49}},"25":{"start":{"line":297,"column":13},"end":{"line":297,"column":38}}},"fnMap":{"0":{"name":"getScheduleRuleForAge","decl":{"start":{"line":250,"column":16},"end":{"line":250,"column":37}},"loc":{"start":{"line":250,"column":55},"end":{"line":264,"column":1}}},"1":{"name":"getNightDurationForAge","decl":{"start":{"line":281,"column":16},"end":{"line":281,"column":38}},"loc":{"start":{"line":281,"column":56},"end":{"line":291,"column":1}}}},"branchMap":{"0":{"loc":{"start":{"line":253,"column":4},"end":{"line":255,"column":5}},"type":"if","locations":[{"start":{"line":253,"column":4},"end":{"line":255,"column":5}}]},"1":{"loc":{"start":{"line":253,"column":8},"end":{"line":253,"column":72}},"type":"binary-expr","locations":[{"start":{"line":253,"column":8},"end":{"line":253,"column":38}},{"start":{"line":253,"column":42},"end":{"line":253,"column":72}}]},"2":{"loc":{"start":{"line":259,"column":2},"end":{"line":261,"column":3}},"type":"if","locations":[{"start":{"line":259,"column":2},"end":{"line":261,"column":3}}]},"3":{"loc":{"start":{"line":284,"column":2},"end":{"line":284,"column":null}},"type":"if","locations":[{"start":{"line":284,"column":2},"end":{"line":284,"column":null}}]},"4":{"loc":{"start":{"line":285,"column":2},"end":{"line":285,"column":null}},"type":"if","locations":[{"start":{"line":285,"column":2},"end":{"line":285,"column":null}}]},"5":{"loc":{"start":{"line":286,"column":2},"end":{"line":286,"column":null}},"type":"if","locations":[{"start":{"line":286,"column":2},"end":{"line":286,"column":null}}]},"6":{"loc":{"start":{"line":287,"column":2},"end":{"line":287,"column":null}},"type":"if","locations":[{"start":{"line":287,"column":2},"end":{"line":287,"column":null}}]},"7":{"loc":{"start":{"line":288,"column":2},"end":{"line":288,"column":null}},"type":"if","locations":[{"start":{"line":288,"column":2},"end":{"line":288,"column":null}}]}},"s":{"0":1,"1":1,"2":1,"3":84,"4":540,"5":84,"6":0,"7":0,"8":0,"9":1,"10":42,"11":42,"12":42,"13":0,"14":0,"15":0,"16":0,"17":0,"18":0,"19":0,"20":0,"21":0,"22":1,"23":1,"24":1,"25":1},"f":{"0":84,"1":42},"b":{"0":[84],"1":[540,540],"2":[0],"3":[42],"4":[0],"5":[0],"6":[0],"7":[0]}}
,"/Users/rogelioguz/Documents/Code House/Activos/happy_dreamersV2/lib/diagnostic/rules/schedule-rules.ts": {"path":"/Users/rogelioguz/Documents/Code House/Activos/happy_dreamersV2/lib/diagnostic/rules/schedule-rules.ts","statementMap":{"0":{"start":{"line":836,"column":0},"end":{"line":836,"column":16}},"1":{"start":{"line":5,"column":0},"end":{"line":5,"column":64}},"2":{"start":{"line":12,"column":0},"end":{"line":12,"column":null}},"3":{"start":{"line":19,"column":0},"end":{"line":19,"column":null}},"4":{"start":{"line":67,"column":2},"end":{"line":67,"column":null}},"5":{"start":{"line":67,"column":33},"end":{"line":67,"column":null}},"6":{"start":{"line":68,"column":27},"end":{"line":68,"column":54}},"7":{"start":{"line":69,"column":2},"end":{"line":69,"column":null}},"8":{"start":{"line":77,"column":24},"end":{"line":77,"column":45}},"9":{"start":{"line":78,"column":26},"end":{"line":78,"column":49}},"10":{"start":{"line":80,"column":2},"end":{"line":80,"column":null}},"11":{"start":{"line":80,"column":48},"end":{"line":80,"column":null}},"12":{"start":{"line":82,"column":18},"end":{"line":82,"column":59}},"13":{"start":{"line":84,"column":2},"end":{"line":86,"column":3}},"14":{"start":{"line":85,"column":4},"end":{"line":85,"column":null}},"15":{"start":{"line":88,"column":2},"end":{"line":88,"column":null}},"16":{"start":{"line":98,"column":2},"end":{"line":98,"column":45}},"17":{"start":{"line":98,"column":28},"end":{"line":98,"column":45}},"18":{"start":{"line":99,"column":2},"end":{"line":99,"column":null}},"19":{"start":{"line":99,"column":44},"end":{"line":99,"column":null}},"20":{"start":{"line":100,"column":2},"end":{"line":100,"column":null}},"21":{"start":{"line":100,"column":48},"end":{"line":100,"column":null}},"22":{"start":{"line":101,"column":2},"end":{"line":101,"column":null}},"23":{"start":{"line":108,"column":22},"end":{"line":108,"column":45}},"24":{"start":{"line":109,"column":25},"end":{"line":109,"column":57}},"25":{"start":{"line":112,"column":2},"end":{"line":123,"column":3}},"26":{"start":{"line":113,"column":4},"end":{"line":122,"column":null}},"27":{"start":{"line":127,"column":26},"end":{"line":127,"column":79}},"28":{"start":{"line":129,"column":2},"end":{"line":140,"column":null}},"29":{"start":{"line":155,"column":4},"end":{"line":158,"column":null}},"30":{"start":{"line":161,"column":20},"end":{"line":161,"column":26}},"31":{"start":{"line":162,"column":2},"end":{"line":165,"column":3}},"32":{"start":{"line":163,"column":4},"end":{"line":163,"column":null}},"33":{"start":{"line":164,"column":4},"end":{"line":164,"column":null}},"34":{"start":{"line":167,"column":2},"end":{"line":178,"column":3}},"35":{"start":{"line":168,"column":4},"end":{"line":177,"column":null}},"36":{"start":{"line":180,"column":2},"end":{"line":191,"column":3}},"37":{"start":{"line":181,"column":4},"end":{"line":190,"column":null}},"38":{"start":{"line":193,"column":27},"end":{"line":193,"column":84}},"39":{"start":{"line":194,"column":17},"end":{"line":194,"column":57}},"40":{"start":{"line":195,"column":19},"end":{"line":195,"column":67}},"41":{"start":{"line":197,"column":2},"end":{"line":209,"column":null}},"42":{"start":{"line":222,"column":24},"end":{"line":222,"column":62}},"43":{"start":{"line":225,"column":21},"end":{"line":225,"column":58}},"44":{"start":{"line":226,"column":22},"end":{"line":226,"column":52}},"45":{"start":{"line":228,"column":2},"end":{"line":268,"column":3}},"46":{"start":{"line":230,"column":4},"end":{"line":256,"column":5}},"47":{"start":{"line":231,"column":29},"end":{"line":231,"column":65}},"48":{"start":{"line":232,"column":26},"end":{"line":232,"column":65}},"49":{"start":{"line":234,"column":6},"end":{"line":255,"column":7}},"50":{"start":{"line":236,"column":30},"end":{"line":236,"column":58}},"51":{"start":{"line":237,"column":8},"end":{"line":237,"column":null}},"52":{"start":{"line":237,"column":34},"end":{"line":237,"column":null}},"53":{"start":{"line":238,"column":33},"end":{"line":238,"column":53}},"54":{"start":{"line":240,"column":26},"end":{"line":240,"column":68}},"55":{"start":{"line":241,"column":34},"end":{"line":241,"column":38}},"56":{"start":{"line":242,"column":8},"end":{"line":243,"column":null}},"57":{"start":{"line":242,"column":27},"end":{"line":242,"column":null}},"58":{"start":{"line":243,"column":13},"end":{"line":243,"column":null}},"59":{"start":{"line":243,"column":32},"end":{"line":243,"column":null}},"60":{"start":{"line":245,"column":8},"end":{"line":254,"column":null}},"61":{"start":{"line":258,"column":4},"end":{"line":267,"column":null}},"62":{"start":{"line":271,"column":20},"end":{"line":271,"column":57}},"63":{"start":{"line":272,"column":28},"end":{"line":272,"column":32}},"64":{"start":{"line":273,"column":2},"end":{"line":274,"column":null}},"65":{"start":{"line":273,"column":21},"end":{"line":273,"column":null}},"66":{"start":{"line":274,"column":7},"end":{"line":274,"column":null}},"67":{"start":{"line":274,"column":26},"end":{"line":274,"column":null}},"68":{"start":{"line":276,"column":2},"end":{"line":288,"column":null}},"69":{"start":{"line":301,"column":15},"end":{"line":301,"column":52}},"70":{"start":{"line":303,"column":2},"end":{"line":314,"column":3}},"71":{"start":{"line":304,"column":4},"end":{"line":313,"column":null}},"72":{"start":{"line":317,"column":2},"end":{"line":328,"column":3}},"73":{"start":{"line":318,"column":4},"end":{"line":327,"column":null}},"74":{"start":{"line":331,"column":21},"end":{"line":331,"column":58}},"75":{"start":{"line":333,"column":4},"end":{"line":335,"column":9}},"76":{"start":{"line":338,"column":2},"end":{"line":385,"column":3}},"77":{"start":{"line":340,"column":24},"end":{"line":340,"column":47}},"78":{"start":{"line":341,"column":26},"end":{"line":341,"column":51}},"79":{"start":{"line":343,"column":4},"end":{"line":384,"column":5}},"80":{"start":{"line":345,"column":6},"end":{"line":362,"column":7}},"81":{"start":{"line":346,"column":29},"end":{"line":346,"column":42}},"82":{"start":{"line":347,"column":26},"end":{"line":347,"column":38}},"83":{"start":{"line":348,"column":34},"end":{"line":348,"column":38}},"84":{"start":{"line":349,"column":8},"end":{"line":350,"column":null}},"85":{"start":{"line":349,"column":27},"end":{"line":349,"column":null}},"86":{"start":{"line":350,"column":13},"end":{"line":350,"column":null}},"87":{"start":{"line":350,"column":34},"end":{"line":350,"column":null}},"88":{"start":{"line":352,"column":8},"end":{"line":361,"column":null}},"89":{"start":{"line":365,"column":6},"end":{"line":383,"column":7}},"90":{"start":{"line":366,"column":27},"end":{"line":366,"column":48}},"91":{"start":{"line":367,"column":29},"end":{"line":367,"column":42}},"92":{"start":{"line":368,"column":26},"end":{"line":368,"column":61}},"93":{"start":{"line":369,"column":34},"end":{"line":369,"column":38}},"94":{"start":{"line":370,"column":8},"end":{"line":371,"column":null}},"95":{"start":{"line":370,"column":27},"end":{"line":370,"column":null}},"96":{"start":{"line":371,"column":13},"end":{"line":371,"column":null}},"97":{"start":{"line":371,"column":34},"end":{"line":371,"column":null}},"98":{"start":{"line":373,"column":8},"end":{"line":382,"column":null}},"99":{"start":{"line":388,"column":21},"end":{"line":388,"column":46}},"100":{"start":{"line":389,"column":23},"end":{"line":389,"column":36}},"101":{"start":{"line":392,"column":20},"end":{"line":392,"column":55}},"102":{"start":{"line":393,"column":28},"end":{"line":393,"column":32}},"103":{"start":{"line":394,"column":2},"end":{"line":395,"column":null}},"104":{"start":{"line":394,"column":21},"end":{"line":394,"column":null}},"105":{"start":{"line":395,"column":7},"end":{"line":395,"column":null}},"106":{"start":{"line":395,"column":28},"end":{"line":395,"column":null}},"107":{"start":{"line":397,"column":2},"end":{"line":409,"column":null}},"108":{"start":{"line":422,"column":15},"end":{"line":422,"column":52}},"109":{"start":{"line":424,"column":2},"end":{"line":435,"column":3}},"110":{"start":{"line":425,"column":4},"end":{"line":434,"column":null}},"111":{"start":{"line":438,"column":16},"end":{"line":438,"column":46}},"112":{"start":{"line":439,"column":22},"end":{"line":439,"column":42}},"113":{"start":{"line":440,"column":24},"end":{"line":440,"column":40}},"114":{"start":{"line":442,"column":2},"end":{"line":475,"column":3}},"115":{"start":{"line":444,"column":4},"end":{"line":463,"column":5}},"116":{"start":{"line":445,"column":29},"end":{"line":445,"column":68}},"117":{"start":{"line":446,"column":6},"end":{"line":462,"column":7}},"118":{"start":{"line":447,"column":24},"end":{"line":447,"column":60}},"119":{"start":{"line":448,"column":36},"end":{"line":448,"column":62}},"120":{"start":{"line":450,"column":8},"end":{"line":461,"column":null}},"121":{"start":{"line":465,"column":4},"end":{"line":474,"column":null}},"122":{"start":{"line":478,"column":18},"end":{"line":478,"column":53}},"123":{"start":{"line":479,"column":30},"end":{"line":479,"column":56}},"124":{"start":{"line":481,"column":2},"end":{"line":492,"column":null}},"125":{"start":{"line":507,"column":4},"end":{"line":507,"column":null}},"126":{"start":{"line":510,"column":20},"end":{"line":510,"column":26}},"127":{"start":{"line":511,"column":2},"end":{"line":514,"column":3}},"128":{"start":{"line":512,"column":4},"end":{"line":512,"column":null}},"129":{"start":{"line":513,"column":4},"end":{"line":513,"column":null}},"130":{"start":{"line":517,"column":16},"end":{"line":517,"column":46}},"131":{"start":{"line":518,"column":24},"end":{"line":518,"column":40}},"132":{"start":{"line":520,"column":2},"end":{"line":531,"column":3}},"133":{"start":{"line":521,"column":4},"end":{"line":530,"column":null}},"134":{"start":{"line":533,"column":2},"end":{"line":544,"column":3}},"135":{"start":{"line":534,"column":4},"end":{"line":543,"column":null}},"136":{"start":{"line":546,"column":27},"end":{"line":546,"column":82}},"137":{"start":{"line":547,"column":17},"end":{"line":547,"column":81}},"138":{"start":{"line":548,"column":19},"end":{"line":548,"column":67}},"139":{"start":{"line":550,"column":2},"end":{"line":562,"column":null}},"140":{"start":{"line":574,"column":2},"end":{"line":574,"column":null}},"141":{"start":{"line":574,"column":24},"end":{"line":574,"column":null}},"142":{"start":{"line":575,"column":2},"end":{"line":580,"column":3}},"143":{"start":{"line":576,"column":17},"end":{"line":576,"column":42}},"144":{"start":{"line":577,"column":4},"end":{"line":577,"column":null}},"145":{"start":{"line":579,"column":4},"end":{"line":579,"column":null}},"146":{"start":{"line":588,"column":19},"end":{"line":588,"column":39}},"147":{"start":{"line":589,"column":2},"end":{"line":589,"column":32}},"148":{"start":{"line":591,"column":17},"end":{"line":591,"column":37}},"149":{"start":{"line":592,"column":2},"end":{"line":592,"column":null}},"150":{"start":{"line":593,"column":2},"end":{"line":593,"column":34}},"151":{"start":{"line":595,"column":2},"end":{"line":605,"column":null}},"152":{"start":{"line":597,"column":6},"end":{"line":597,"column":null}},"153":{"start":{"line":597,"column":24},"end":{"line":597,"column":null}},"154":{"start":{"line":598,"column":24},"end":{"line":598,"column":45}},"155":{"start":{"line":599,"column":6},"end":{"line":599,"column":null}},"156":{"start":{"line":602,"column":20},"end":{"line":602,"column":42}},"157":{"start":{"line":603,"column":20},"end":{"line":603,"column":42}},"158":{"start":{"line":604,"column":6},"end":{"line":604,"column":null}},"159":{"start":{"line":615,"column":28},"end":{"line":615,"column":30}},"160":{"start":{"line":618,"column":22},"end":{"line":619,"column":null}},"161":{"start":{"line":619,"column":4},"end":{"line":619,"column":50}},"162":{"start":{"line":622,"column":2},"end":{"line":622,"column":null}},"163":{"start":{"line":622,"column":30},"end":{"line":622,"column":null}},"164":{"start":{"line":624,"column":2},"end":{"line":647,"column":3}},"165":{"start":{"line":624,"column":15},"end":{"line":624,"column":16}},"166":{"start":{"line":625,"column":20},"end":{"line":625,"column":34}},"167":{"start":{"line":626,"column":17},"end":{"line":626,"column":35}},"168":{"start":{"line":630,"column":4},"end":{"line":630,"column":55}},"169":{"start":{"line":630,"column":47},"end":{"line":630,"column":55}},"170":{"start":{"line":634,"column":23},"end":{"line":636,"column":35}},"171":{"start":{"line":637,"column":22},"end":{"line":637,"column":46}},"172":{"start":{"line":640,"column":23},"end":{"line":640,"column":65}},"173":{"start":{"line":641,"column":21},"end":{"line":641,"column":36}},"174":{"start":{"line":644,"column":4},"end":{"line":646,"column":5}},"175":{"start":{"line":645,"column":6},"end":{"line":645,"column":null}},"176":{"start":{"line":649,"column":2},"end":{"line":649,"column":null}},"177":{"start":{"line":660,"column":26},"end":{"line":660,"column":38}},"178":{"start":{"line":661,"column":31},"end":{"line":661,"column":33}},"179":{"start":{"line":664,"column":2},"end":{"line":666,"column":3}},"180":{"start":{"line":665,"column":4},"end":{"line":665,"column":null}},"181":{"start":{"line":670,"column":23},"end":{"line":670,"column":77}},"182":{"start":{"line":672,"column":2},"end":{"line":677,"column":3}},"183":{"start":{"line":672,"column":15},"end":{"line":672,"column":16}},"184":{"start":{"line":673,"column":19},"end":{"line":673,"column":35}},"185":{"start":{"line":674,"column":21},"end":{"line":674,"column":39}},"186":{"start":{"line":675,"column":22},"end":{"line":675,"column":49}},"187":{"start":{"line":676,"column":4},"end":{"line":676,"column":null}},"188":{"start":{"line":681,"column":23},"end":{"line":681,"column":46}},"189":{"start":{"line":683,"column":2},"end":{"line":683,"column":null}},"190":{"start":{"line":683,"column":27},"end":{"line":683,"column":null}},"191":{"start":{"line":684,"column":2},"end":{"line":684,"column":null}},"192":{"start":{"line":684,"column":25},"end":{"line":684,"column":null}},"193":{"start":{"line":685,"column":2},"end":{"line":685,"column":null}},"194":{"start":{"line":696,"column":15},"end":{"line":696,"column":52}},"195":{"start":{"line":699,"column":2},"end":{"line":710,"column":3}},"196":{"start":{"line":700,"column":4},"end":{"line":709,"column":null}},"197":{"start":{"line":713,"column":14},"end":{"line":713,"column":24}},"198":{"start":{"line":714,"column":33},"end":{"line":714,"column":35}},"199":{"start":{"line":716,"column":2},"end":{"line":725,"column":3}},"200":{"start":{"line":716,"column":15},"end":{"line":716,"column":16}},"201":{"start":{"line":717,"column":23},"end":{"line":717,"column":36}},"202":{"start":{"line":718,"column":4},"end":{"line":718,"column":null}},"203":{"start":{"line":719,"column":22},"end":{"line":719,"column":54}},"204":{"start":{"line":720,"column":23},"end":{"line":720,"column":53}},"205":{"start":{"line":722,"column":4},"end":{"line":724,"column":5}},"206":{"start":{"line":723,"column":6},"end":{"line":723,"column":null}},"207":{"start":{"line":728,"column":2},"end":{"line":739,"column":3}},"208":{"start":{"line":729,"column":4},"end":{"line":738,"column":null}},"209":{"start":{"line":734,"column":43},"end":{"line":734,"column":50}},"210":{"start":{"line":742,"column":31},"end":{"line":742,"column":33}},"211":{"start":{"line":743,"column":25},"end":{"line":743,"column":69}},"212":{"start":{"line":743,"column":59},"end":{"line":743,"column":67}},"213":{"start":{"line":745,"column":2},"end":{"line":754,"column":3}},"214":{"start":{"line":745,"column":17},"end":{"line":745,"column":18}},"215":{"start":{"line":746,"column":25},"end":{"line":748,"column":25}},"216":{"start":{"line":747,"column":21},"end":{"line":747,"column":41}},"217":{"start":{"line":748,"column":18},"end":{"line":748,"column":24}},"218":{"start":{"line":750,"column":4},"end":{"line":753,"column":5}},"219":{"start":{"line":751,"column":18},"end":{"line":751,"column":79}},"220":{"start":{"line":751,"column":48},"end":{"line":751,"column":53}},"221":{"start":{"line":752,"column":6},"end":{"line":752,"column":49}},"222":{"start":{"line":757,"column":33},"end":{"line":757,"column":65}},"223":{"start":{"line":760,"column":20},"end":{"line":760,"column":72}},"224":{"start":{"line":760,"column":42},"end":{"line":760,"column":60}},"225":{"start":{"line":761,"column":22},"end":{"line":761,"column":65}},"226":{"start":{"line":761,"column":46},"end":{"line":761,"column":53}},"227":{"start":{"line":764,"column":2},"end":{"line":771,"column":3}},"228":{"start":{"line":765,"column":4},"end":{"line":765,"column":null}},"229":{"start":{"line":766,"column":9},"end":{"line":771,"column":3}},"230":{"start":{"line":767,"column":4},"end":{"line":767,"column":null}},"231":{"start":{"line":769,"column":19},"end":{"line":769,"column":42}},"232":{"start":{"line":770,"column":4},"end":{"line":770,"column":null}},"233":{"start":{"line":773,"column":2},"end":{"line":782,"column":null}},"234":{"start":{"line":792,"column":2},"end":{"line":794,"column":3}},"235":{"start":{"line":793,"column":4},"end":{"line":793,"column":null}},"236":{"start":{"line":797,"column":2},"end":{"line":801,"column":null}},"237":{"start":{"line":799,"column":16},"end":{"line":799,"column":41}},"238":{"start":{"line":800,"column":16},"end":{"line":800,"column":29}},"239":{"start":{"line":801,"column":19},"end":{"line":801,"column":28}},"240":{"start":{"line":808,"column":2},"end":{"line":808,"column":null}},"241":{"start":{"line":808,"column":27},"end":{"line":808,"column":47}},"242":{"start":{"line":808,"column":50},"end":{"line":808,"column":null}},"243":{"start":{"line":809,"column":2},"end":{"line":809,"column":null}},"244":{"start":{"line":809,"column":27},"end":{"line":809,"column":49}},"245":{"start":{"line":809,"column":52},"end":{"line":809,"column":null}},"246":{"start":{"line":810,"column":2},"end":{"line":810,"column":null}},"247":{"start":{"line":819,"column":16},"end":{"line":819,"column":31}},"248":{"start":{"line":820,"column":20},"end":{"line":820,"column":66}},"249":{"start":{"line":820,"column":43},"end":{"line":820,"column":58}},"250":{"start":{"line":821,"column":18},"end":{"line":823,"column":23}},"251":{"start":{"line":822,"column":19},"end":{"line":822,"column":35}},"252":{"start":{"line":823,"column":16},"end":{"line":823,"column":22}},"253":{"start":{"line":825,"column":2},"end":{"line":829,"column":null}},"254":{"start":{"line":839,"column":55},"end":{"line":839,"column":60}},"255":{"start":{"line":842,"column":25},"end":{"line":842,"column":57}},"256":{"start":{"line":845,"column":28},"end":{"line":845,"column":67}},"257":{"start":{"line":846,"column":30},"end":{"line":846,"column":85}},"258":{"start":{"line":847,"column":30},"end":{"line":847,"column":87}},"259":{"start":{"line":848,"column":25},"end":{"line":848,"column":77}},"260":{"start":{"line":849,"column":28},"end":{"line":849,"column":83}},"261":{"start":{"line":850,"column":24},"end":{"line":850,"column":65}},"262":{"start":{"line":851,"column":29},"end":{"line":851,"column":73}},"263":{"start":{"line":853,"column":38},"end":{"line":861,"column":null}},"264":{"start":{"line":863,"column":17},"end":{"line":863,"column":41}},"265":{"start":{"line":864,"column":27},"end":{"line":864,"column":62}},"266":{"start":{"line":868,"column":4},"end":{"line":873,"column":11}},"267":{"start":{"line":875,"column":27},"end":{"line":875,"column":80}},"268":{"start":{"line":876,"column":29},"end":{"line":876,"column":67}},"269":{"start":{"line":877,"column":21},"end":{"line":877,"column":58}},"270":{"start":{"line":878,"column":15},"end":{"line":878,"column":52}},"271":{"start":{"line":880,"column":2},"end":{"line":914,"column":null}},"272":{"start":{"line":924,"column":21},"end":{"line":924,"column":72}},"273":{"start":{"line":924,"column":44},"end":{"line":924,"column":64}},"274":{"start":{"line":925,"column":23},"end":{"line":925,"column":76}},"275":{"start":{"line":925,"column":46},"end":{"line":925,"column":68}},"276":{"start":{"line":926,"column":18},"end":{"line":926,"column":66}},"277":{"start":{"line":926,"column":41},"end":{"line":926,"column":58}},"278":{"start":{"line":928,"column":2},"end":{"line":930,"column":3}},"279":{"start":{"line":929,"column":4},"end":{"line":929,"column":null}},"280":{"start":{"line":932,"column":2},"end":{"line":934,"column":3}},"281":{"start":{"line":933,"column":4},"end":{"line":933,"column":null}},"282":{"start":{"line":936,"column":2},"end":{"line":936,"column":null}},"283":{"start":{"line":939,"column":0},"end":{"line":939,"column":null}}},"fnMap":{"0":{"name":"timeToMinutes","decl":{"start":{"line":66,"column":9},"end":{"line":66,"column":22}},"loc":{"start":{"line":66,"column":35},"end":{"line":70,"column":1}}},"1":{"name":"getTimeDeviationMinutes","decl":{"start":{"line":76,"column":9},"end":{"line":76,"column":32}},"loc":{"start":{"line":76,"column":65},"end":{"line":89,"column":1}}},"2":{"name":"getStatusFromDeviation","decl":{"start":{"line":94,"column":9},"end":{"line":94,"column":31}},"loc":{"start":{"line":96,"column":51},"end":{"line":102,"column":1}}},"3":{"name":"validateMinimumWakeTime","decl":{"start":{"line":107,"column":9},"end":{"line":107,"column":32}},"loc":{"start":{"line":107,"column":49},"end":{"line":141,"column":1}}},"4":{"name":"validateWakeDeviation","decl":{"start":{"line":146,"column":9},"end":{"line":146,"column":30}},"loc":{"start":{"line":151,"column":34},"end":{"line":210,"column":1}}},"5":{"name":"validateNightDuration","decl":{"start":{"line":216,"column":9},"end":{"line":216,"column":30}},"loc":{"start":{"line":220,"column":34},"end":{"line":289,"column":1}}},"6":{"name":"validateNapCount","decl":{"start":{"line":295,"column":9},"end":{"line":295,"column":25}},"loc":{"start":{"line":299,"column":34},"end":{"line":410,"column":1}}},"7":{"name":"validateNapDuration","decl":{"start":{"line":416,"column":9},"end":{"line":416,"column":28}},"loc":{"start":{"line":420,"column":34},"end":{"line":493,"column":1}}},"8":{"name":"validateBedtime","decl":{"start":{"line":498,"column":9},"end":{"line":498,"column":24}},"loc":{"start":{"line":503,"column":34},"end":{"line":563,"column":1}}},"9":{"name":"extractTimeFromEvent","decl":{"start":{"line":573,"column":9},"end":{"line":573,"column":29}},"loc":{"start":{"line":573,"column":47},"end":{"line":581,"column":1}}},"10":{"name":"getDayEvents","decl":{"start":{"line":587,"column":9},"end":{"line":587,"column":21}},"loc":{"start":{"line":587,"column":60},"end":{"line":606,"column":1}}},"11":{"name":"(anonymous_11)","decl":{"start":{"line":596,"column":12},"end":{"line":596,"column":13}},"loc":{"start":{"line":596,"column":18},"end":{"line":600,"column":5}}},"12":{"name":"(anonymous_12)","decl":{"start":{"line":601,"column":10},"end":{"line":601,"column":11}},"loc":{"start":{"line":601,"column":19},"end":{"line":605,"column":5}}},"13":{"name":"calculateDayWindows","decl":{"start":{"line":614,"column":9},"end":{"line":614,"column":28}},"loc":{"start":{"line":614,"column":52},"end":{"line":650,"column":1}}},"14":{"name":"(anonymous_14)","decl":{"start":{"line":618,"column":39},"end":{"line":618,"column":40}},"loc":{"start":{"line":619,"column":4},"end":{"line":619,"column":50}}},"15":{"name":"compareWindows","decl":{"start":{"line":656,"column":9},"end":{"line":656,"column":23}},"loc":{"start":{"line":658,"column":23},"end":{"line":686,"column":1}}},"16":{"name":"validateSleepWindows","decl":{"start":{"line":692,"column":9},"end":{"line":692,"column":29}},"loc":{"start":{"line":694,"column":24},"end":{"line":783,"column":1}}},"17":{"name":"(anonymous_17)","decl":{"start":{"line":734,"column":36},"end":{"line":734,"column":37}},"loc":{"start":{"line":734,"column":43},"end":{"line":734,"column":50}}},"18":{"name":"(anonymous_18)","decl":{"start":{"line":743,"column":52},"end":{"line":743,"column":53}},"loc":{"start":{"line":743,"column":59},"end":{"line":743,"column":67}}},"19":{"name":"(anonymous_19)","decl":{"start":{"line":747,"column":14},"end":{"line":747,"column":15}},"loc":{"start":{"line":747,"column":21},"end":{"line":747,"column":41}}},"20":{"name":"(anonymous_20)","decl":{"start":{"line":748,"column":11},"end":{"line":748,"column":12}},"loc":{"start":{"line":748,"column":18},"end":{"line":748,"column":24}}},"21":{"name":"(anonymous_21)","decl":{"start":{"line":751,"column":38},"end":{"line":751,"column":39}},"loc":{"start":{"line":751,"column":48},"end":{"line":751,"column":53}}},"22":{"name":"(anonymous_22)","decl":{"start":{"line":760,"column":35},"end":{"line":760,"column":36}},"loc":{"start":{"line":760,"column":42},"end":{"line":760,"column":60}}},"23":{"name":"(anonymous_23)","decl":{"start":{"line":761,"column":39},"end":{"line":761,"column":40}},"loc":{"start":{"line":761,"column":46},"end":{"line":761,"column":53}}},"24":{"name":"parseWindowsFromValue","decl":{"start":{"line":789,"column":9},"end":{"line":789,"column":30}},"loc":{"start":{"line":790,"column":41},"end":{"line":802,"column":1}}},"25":{"name":"(anonymous_25)","decl":{"start":{"line":799,"column":9},"end":{"line":799,"column":10}},"loc":{"start":{"line":799,"column":16},"end":{"line":799,"column":41}}},"26":{"name":"(anonymous_26)","decl":{"start":{"line":800,"column":9},"end":{"line":800,"column":10}},"loc":{"start":{"line":800,"column":16},"end":{"line":800,"column":29}}},"27":{"name":"(anonymous_27)","decl":{"start":{"line":801,"column":12},"end":{"line":801,"column":13}},"loc":{"start":{"line":801,"column":19},"end":{"line":801,"column":28}}},"28":{"name":"getWorstStatus","decl":{"start":{"line":807,"column":9},"end":{"line":807,"column":23}},"loc":{"start":{"line":807,"column":51},"end":{"line":811,"column":1}}},"29":{"name":"(anonymous_29)","decl":{"start":{"line":808,"column":20},"end":{"line":808,"column":21}},"loc":{"start":{"line":808,"column":27},"end":{"line":808,"column":47}}},"30":{"name":"(anonymous_30)","decl":{"start":{"line":809,"column":20},"end":{"line":809,"column":21}},"loc":{"start":{"line":809,"column":27},"end":{"line":809,"column":49}}},"31":{"name":"calculateDataCompleteness","decl":{"start":{"line":816,"column":9},"end":{"line":816,"column":34}},"loc":{"start":{"line":817,"column":29},"end":{"line":830,"column":1}}},"32":{"name":"(anonymous_32)","decl":{"start":{"line":820,"column":36},"end":{"line":820,"column":37}},"loc":{"start":{"line":820,"column":43},"end":{"line":820,"column":58}}},"33":{"name":"(anonymous_33)","decl":{"start":{"line":822,"column":12},"end":{"line":822,"column":13}},"loc":{"start":{"line":822,"column":19},"end":{"line":822,"column":35}}},"34":{"name":"(anonymous_34)","decl":{"start":{"line":823,"column":9},"end":{"line":823,"column":10}},"loc":{"start":{"line":823,"column":16},"end":{"line":823,"column":22}}},"35":{"name":"validateSchedule","decl":{"start":{"line":836,"column":16},"end":{"line":836,"column":32}},"loc":{"start":{"line":837,"column":32},"end":{"line":915,"column":1}}},"36":{"name":"generateSummary","decl":{"start":{"line":920,"column":9},"end":{"line":920,"column":24}},"loc":{"start":{"line":922,"column":29},"end":{"line":937,"column":1}}},"37":{"name":"(anonymous_37)","decl":{"start":{"line":924,"column":37},"end":{"line":924,"column":38}},"loc":{"start":{"line":924,"column":44},"end":{"line":924,"column":64}}},"38":{"name":"(anonymous_38)","decl":{"start":{"line":925,"column":39},"end":{"line":925,"column":40}},"loc":{"start":{"line":925,"column":46},"end":{"line":925,"column":68}}},"39":{"name":"(anonymous_39)","decl":{"start":{"line":926,"column":34},"end":{"line":926,"column":35}},"loc":{"start":{"line":926,"column":41},"end":{"line":926,"column":58}}}},"branchMap":{"0":{"loc":{"start":{"line":67,"column":2},"end":{"line":67,"column":null}},"type":"if","locations":[{"start":{"line":67,"column":2},"end":{"line":67,"column":null}}]},"1":{"loc":{"start":{"line":67,"column":6},"end":{"line":67,"column":31}},"type":"binary-expr","locations":[{"start":{"line":67,"column":6},"end":{"line":67,"column":11}},{"start":{"line":67,"column":15},"end":{"line":67,"column":31}}]},"2":{"loc":{"start":{"line":80,"column":2},"end":{"line":80,"column":null}},"type":"if","locations":[{"start":{"line":80,"column":2},"end":{"line":80,"column":null}}]},"3":{"loc":{"start":{"line":80,"column":6},"end":{"line":80,"column":46}},"type":"binary-expr","locations":[{"start":{"line":80,"column":6},"end":{"line":80,"column":23}},{"start":{"line":80,"column":27},"end":{"line":80,"column":46}}]},"4":{"loc":{"start":{"line":84,"column":2},"end":{"line":86,"column":3}},"type":"if","locations":[{"start":{"line":84,"column":2},"end":{"line":86,"column":3}}]},"5":{"loc":{"start":{"line":96,"column":2},"end":{"line":96,"column":51}},"type":"default-arg","locations":[{"start":{"line":96,"column":29},"end":{"line":96,"column":51}}]},"6":{"loc":{"start":{"line":98,"column":2},"end":{"line":98,"column":45}},"type":"if","locations":[{"start":{"line":98,"column":2},"end":{"line":98,"column":45}}]},"7":{"loc":{"start":{"line":99,"column":2},"end":{"line":99,"column":null}},"type":"if","locations":[{"start":{"line":99,"column":2},"end":{"line":99,"column":null}}]},"8":{"loc":{"start":{"line":100,"column":2},"end":{"line":100,"column":null}},"type":"if","locations":[{"start":{"line":100,"column":2},"end":{"line":100,"column":null}}]},"9":{"loc":{"start":{"line":112,"column":2},"end":{"line":123,"column":3}},"type":"if","locations":[{"start":{"line":112,"column":2},"end":{"line":123,"column":3}}]},"10":{"loc":{"start":{"line":127,"column":26},"end":{"line":127,"column":79}},"type":"binary-expr","locations":[{"start":{"line":127,"column":26},"end":{"line":127,"column":54}},{"start":{"line":127,"column":58},"end":{"line":127,"column":79}}]},"11":{"loc":{"start":{"line":132,"column":12},"end":{"line":132,"column":44}},"type":"cond-expr","locations":[{"start":{"line":132,"column":30},"end":{"line":132,"column":37}},{"start":{"line":132,"column":40},"end":{"line":132,"column":44}}]},"12":{"loc":{"start":{"line":135,"column":13},"end":{"line":137,"column":58}},"type":"cond-expr","locations":[{"start":{"line":136,"column":8},"end":{"line":136,"column":92}},{"start":{"line":137,"column":8},"end":{"line":137,"column":58}}]},"13":{"loc":{"start":{"line":155,"column":4},"end":{"line":158,"column":null}},"type":"binary-expr","locations":[{"start":{"line":155,"column":4},"end":{"line":155,"column":28}},{"start":{"line":156,"column":4},"end":{"line":156,"column":18}},{"start":{"line":157,"column":4},"end":{"line":157,"column":21}},{"start":{"line":158,"column":4},"end":{"line":158,"column":19}}]},"14":{"loc":{"start":{"line":155,"column":4},"end":{"line":155,"column":28}},"type":"cond-expr","locations":[{"start":{"line":155,"column":18},"end":{"line":155,"column":20}},{"start":{"line":155,"column":18},"end":{"line":155,"column":28}}]},"15":{"loc":{"start":{"line":155,"column":4},"end":{"line":155,"column":20}},"type":"binary-expr","locations":[{"start":{"line":155,"column":4},"end":{"line":155,"column":20}},{"start":{"line":155,"column":18},"end":{"line":155,"column":20}}]},"16":{"loc":{"start":{"line":155,"column":4},"end":{"line":155,"column":18}},"type":"cond-expr","locations":[{"start":{"line":155,"column":8},"end":{"line":155,"column":10}},{"start":{"line":155,"column":4},"end":{"line":155,"column":18}}]},"17":{"loc":{"start":{"line":155,"column":4},"end":{"line":155,"column":10}},"type":"binary-expr","locations":[{"start":{"line":155,"column":4},"end":{"line":155,"column":10}},{"start":{"line":155,"column":4},"end":{"line":155,"column":10}}]},"18":{"loc":{"start":{"line":156,"column":4},"end":{"line":156,"column":18}},"type":"cond-expr","locations":[{"start":{"line":156,"column":8},"end":{"line":156,"column":10}},{"start":{"line":156,"column":4},"end":{"line":156,"column":18}}]},"19":{"loc":{"start":{"line":156,"column":4},"end":{"line":156,"column":10}},"type":"binary-expr","locations":[{"start":{"line":156,"column":4},"end":{"line":156,"column":10}},{"start":{"line":156,"column":4},"end":{"line":156,"column":10}}]},"20":{"loc":{"start":{"line":157,"column":4},"end":{"line":157,"column":21}},"type":"cond-expr","locations":[{"start":{"line":157,"column":8},"end":{"line":157,"column":10}},{"start":{"line":157,"column":4},"end":{"line":157,"column":21}}]},"21":{"loc":{"start":{"line":157,"column":4},"end":{"line":157,"column":10}},"type":"binary-expr","locations":[{"start":{"line":157,"column":4},"end":{"line":157,"column":10}},{"start":{"line":157,"column":4},"end":{"line":157,"column":10}}]},"22":{"loc":{"start":{"line":158,"column":4},"end":{"line":158,"column":19}},"type":"cond-expr","locations":[{"start":{"line":158,"column":8},"end":{"line":158,"column":10}},{"start":{"line":158,"column":4},"end":{"line":158,"column":19}}]},"23":{"loc":{"start":{"line":158,"column":4},"end":{"line":158,"column":10}},"type":"binary-expr","locations":[{"start":{"line":158,"column":4},"end":{"line":158,"column":10}},{"start":{"line":158,"column":4},"end":{"line":158,"column":10}}]},"24":{"loc":{"start":{"line":162,"column":2},"end":{"line":165,"column":3}},"type":"if","locations":[{"start":{"line":162,"column":2},"end":{"line":165,"column":3}}]},"25":{"loc":{"start":{"line":162,"column":6},"end":{"line":162,"column":54}},"type":"binary-expr","locations":[{"start":{"line":162,"column":6},"end":{"line":162,"column":23}},{"start":{"line":162,"column":27},"end":{"line":162,"column":52}}]},"26":{"loc":{"start":{"line":162,"column":27},"end":{"line":162,"column":52}},"type":"cond-expr","locations":[{"start":{"line":162,"column":37},"end":{"line":162,"column":39}},{"start":{"line":162,"column":27},"end":{"line":162,"column":52}}]},"27":{"loc":{"start":{"line":162,"column":27},"end":{"line":162,"column":39}},"type":"binary-expr","locations":[{"start":{"line":162,"column":27},"end":{"line":162,"column":39}},{"start":{"line":162,"column":27},"end":{"line":162,"column":39}}]},"28":{"loc":{"start":{"line":167,"column":2},"end":{"line":178,"column":3}},"type":"if","locations":[{"start":{"line":167,"column":2},"end":{"line":178,"column":3}}]},"29":{"loc":{"start":{"line":180,"column":2},"end":{"line":191,"column":3}},"type":"if","locations":[{"start":{"line":180,"column":2},"end":{"line":191,"column":3}}]},"30":{"loc":{"start":{"line":180,"column":6},"end":{"line":180,"column":51}},"type":"binary-expr","locations":[{"start":{"line":180,"column":6},"end":{"line":180,"column":21}},{"start":{"line":180,"column":25},"end":{"line":180,"column":51}}]},"31":{"loc":{"start":{"line":195,"column":19},"end":{"line":195,"column":67}},"type":"cond-expr","locations":[{"start":{"line":195,"column":48},"end":{"line":195,"column":58}},{"start":{"line":195,"column":61},"end":{"line":195,"column":67}}]},"32":{"loc":{"start":{"line":204,"column":6},"end":{"line":206,"column":95}},"type":"cond-expr","locations":[{"start":{"line":205,"column":10},"end":{"line":205,"column":93}},{"start":{"line":206,"column":10},"end":{"line":206,"column":95}}]},"33":{"loc":{"start":{"line":228,"column":2},"end":{"line":268,"column":3}},"type":"if","locations":[{"start":{"line":228,"column":2},"end":{"line":268,"column":3}}]},"34":{"loc":{"start":{"line":230,"column":4},"end":{"line":256,"column":5}},"type":"if","locations":[{"start":{"line":230,"column":4},"end":{"line":256,"column":5}}]},"35":{"loc":{"start":{"line":230,"column":8},"end":{"line":230,"column":61}},"type":"binary-expr","locations":[{"start":{"line":230,"column":8},"end":{"line":230,"column":30}},{"start":{"line":230,"column":34},"end":{"line":230,"column":59}}]},"36":{"loc":{"start":{"line":230,"column":8},"end":{"line":230,"column":30}},"type":"cond-expr","locations":[{"start":{"line":230,"column":18},"end":{"line":230,"column":20}},{"start":{"line":230,"column":8},"end":{"line":230,"column":30}}]},"37":{"loc":{"start":{"line":230,"column":8},"end":{"line":230,"column":20}},"type":"binary-expr","locations":[{"start":{"line":230,"column":8},"end":{"line":230,"column":20}},{"start":{"line":230,"column":8},"end":{"line":230,"column":20}}]},"38":{"loc":{"start":{"line":230,"column":34},"end":{"line":230,"column":59}},"type":"cond-expr","locations":[{"start":{"line":230,"column":44},"end":{"line":230,"column":46}},{"start":{"line":230,"column":34},"end":{"line":230,"column":59}}]},"39":{"loc":{"start":{"line":230,"column":34},"end":{"line":230,"column":46}},"type":"binary-expr","locations":[{"start":{"line":230,"column":34},"end":{"line":230,"column":46}},{"start":{"line":230,"column":34},"end":{"line":230,"column":46}}]},"40":{"loc":{"start":{"line":234,"column":6},"end":{"line":255,"column":7}},"type":"if","locations":[{"start":{"line":234,"column":6},"end":{"line":255,"column":7}}]},"41":{"loc":{"start":{"line":234,"column":10},"end":{"line":234,"column":49}},"type":"binary-expr","locations":[{"start":{"line":234,"column":10},"end":{"line":234,"column":29}},{"start":{"line":234,"column":33},"end":{"line":234,"column":49}}]},"42":{"loc":{"start":{"line":237,"column":8},"end":{"line":237,"column":null}},"type":"if","locations":[{"start":{"line":237,"column":8},"end":{"line":237,"column":null}}]},"43":{"loc":{"start":{"line":242,"column":8},"end":{"line":243,"column":null}},"type":"if","locations":[{"start":{"line":242,"column":8},"end":{"line":243,"column":null}},{"start":{"line":243,"column":13},"end":{"line":243,"column":null}}]},"44":{"loc":{"start":{"line":243,"column":13},"end":{"line":243,"column":null}},"type":"if","locations":[{"start":{"line":243,"column":13},"end":{"line":243,"column":null}}]},"45":{"loc":{"start":{"line":273,"column":2},"end":{"line":274,"column":null}},"type":"if","locations":[{"start":{"line":273,"column":2},"end":{"line":274,"column":null}},{"start":{"line":274,"column":7},"end":{"line":274,"column":null}}]},"46":{"loc":{"start":{"line":274,"column":7},"end":{"line":274,"column":null}},"type":"if","locations":[{"start":{"line":274,"column":7},"end":{"line":274,"column":null}}]},"47":{"loc":{"start":{"line":283,"column":6},"end":{"line":285,"column":93}},"type":"cond-expr","locations":[{"start":{"line":284,"column":10},"end":{"line":284,"column":70}},{"start":{"line":285,"column":10},"end":{"line":285,"column":93}}]},"48":{"loc":{"start":{"line":303,"column":2},"end":{"line":314,"column":3}},"type":"if","locations":[{"start":{"line":303,"column":2},"end":{"line":314,"column":3}}]},"49":{"loc":{"start":{"line":317,"column":2},"end":{"line":328,"column":3}},"type":"if","locations":[{"start":{"line":317,"column":2},"end":{"line":328,"column":3}}]},"50":{"loc":{"start":{"line":333,"column":4},"end":{"line":335,"column":9}},"type":"cond-expr","locations":[{"start":{"line":334,"column":8},"end":{"line":334,"column":54}},{"start":{"line":335,"column":8},"end":{"line":335,"column":9}}]},"51":{"loc":{"start":{"line":338,"column":2},"end":{"line":385,"column":3}},"type":"if","locations":[{"start":{"line":338,"column":2},"end":{"line":385,"column":3}}]},"52":{"loc":{"start":{"line":340,"column":24},"end":{"line":340,"column":47}},"type":"cond-expr","locations":[{"start":{"line":340,"column":34},"end":{"line":340,"column":36}},{"start":{"line":340,"column":24},"end":{"line":340,"column":47}}]},"53":{"loc":{"start":{"line":340,"column":24},"end":{"line":340,"column":36}},"type":"binary-expr","locations":[{"start":{"line":340,"column":24},"end":{"line":340,"column":36}},{"start":{"line":340,"column":24},"end":{"line":340,"column":36}}]},"54":{"loc":{"start":{"line":341,"column":26},"end":{"line":341,"column":51}},"type":"cond-expr","locations":[{"start":{"line":341,"column":36},"end":{"line":341,"column":38}},{"start":{"line":341,"column":26},"end":{"line":341,"column":51}}]},"55":{"loc":{"start":{"line":341,"column":26},"end":{"line":341,"column":38}},"type":"binary-expr","locations":[{"start":{"line":341,"column":26},"end":{"line":341,"column":38}},{"start":{"line":341,"column":26},"end":{"line":341,"column":38}}]},"56":{"loc":{"start":{"line":343,"column":4},"end":{"line":384,"column":5}},"type":"if","locations":[{"start":{"line":343,"column":4},"end":{"line":384,"column":5}}]},"57":{"loc":{"start":{"line":343,"column":8},"end":{"line":343,"column":64}},"type":"binary-expr","locations":[{"start":{"line":343,"column":8},"end":{"line":343,"column":33}},{"start":{"line":343,"column":37},"end":{"line":343,"column":64}}]},"58":{"loc":{"start":{"line":345,"column":6},"end":{"line":362,"column":7}},"type":"if","locations":[{"start":{"line":345,"column":6},"end":{"line":362,"column":7}}]},"59":{"loc":{"start":{"line":345,"column":10},"end":{"line":345,"column":55}},"type":"binary-expr","locations":[{"start":{"line":345,"column":10},"end":{"line":345,"column":31}},{"start":{"line":345,"column":35},"end":{"line":345,"column":55}}]},"60":{"loc":{"start":{"line":349,"column":8},"end":{"line":350,"column":null}},"type":"if","locations":[{"start":{"line":349,"column":8},"end":{"line":350,"column":null}},{"start":{"line":350,"column":13},"end":{"line":350,"column":null}}]},"61":{"loc":{"start":{"line":350,"column":13},"end":{"line":350,"column":null}},"type":"if","locations":[{"start":{"line":350,"column":13},"end":{"line":350,"column":null}}]},"62":{"loc":{"start":{"line":365,"column":6},"end":{"line":383,"column":7}},"type":"if","locations":[{"start":{"line":365,"column":6},"end":{"line":383,"column":7}}]},"63":{"loc":{"start":{"line":365,"column":10},"end":{"line":365,"column":56}},"type":"binary-expr","locations":[{"start":{"line":365,"column":10},"end":{"line":365,"column":23}},{"start":{"line":365,"column":27},"end":{"line":365,"column":56}}]},"64":{"loc":{"start":{"line":370,"column":8},"end":{"line":371,"column":null}},"type":"if","locations":[{"start":{"line":370,"column":8},"end":{"line":371,"column":null}},{"start":{"line":371,"column":13},"end":{"line":371,"column":null}}]},"65":{"loc":{"start":{"line":371,"column":13},"end":{"line":371,"column":null}},"type":"if","locations":[{"start":{"line":371,"column":13},"end":{"line":371,"column":null}}]},"66":{"loc":{"start":{"line":394,"column":2},"end":{"line":395,"column":null}},"type":"if","locations":[{"start":{"line":394,"column":2},"end":{"line":395,"column":null}},{"start":{"line":395,"column":7},"end":{"line":395,"column":null}}]},"67":{"loc":{"start":{"line":395,"column":7},"end":{"line":395,"column":null}},"type":"if","locations":[{"start":{"line":395,"column":7},"end":{"line":395,"column":null}}]},"68":{"loc":{"start":{"line":404,"column":6},"end":{"line":406,"column":84}},"type":"cond-expr","locations":[{"start":{"line":405,"column":10},"end":{"line":405,"column":70}},{"start":{"line":406,"column":10},"end":{"line":406,"column":84}}]},"69":{"loc":{"start":{"line":424,"column":2},"end":{"line":435,"column":3}},"type":"if","locations":[{"start":{"line":424,"column":2},"end":{"line":435,"column":3}}]},"70":{"loc":{"start":{"line":424,"column":6},"end":{"line":424,"column":41}},"type":"binary-expr","locations":[{"start":{"line":424,"column":6},"end":{"line":424,"column":11}},{"start":{"line":424,"column":15},"end":{"line":424,"column":41}}]},"71":{"loc":{"start":{"line":442,"column":2},"end":{"line":475,"column":3}},"type":"if","locations":[{"start":{"line":442,"column":2},"end":{"line":475,"column":3}}]},"72":{"loc":{"start":{"line":444,"column":4},"end":{"line":463,"column":5}},"type":"if","locations":[{"start":{"line":444,"column":4},"end":{"line":463,"column":5}}]},"73":{"loc":{"start":{"line":444,"column":8},"end":{"line":444,"column":40}},"type":"cond-expr","locations":[{"start":{"line":444,"column":18},"end":{"line":444,"column":20}},{"start":{"line":444,"column":8},"end":{"line":444,"column":40}}]},"74":{"loc":{"start":{"line":444,"column":8},"end":{"line":444,"column":20}},"type":"binary-expr","locations":[{"start":{"line":444,"column":8},"end":{"line":444,"column":20}},{"start":{"line":444,"column":8},"end":{"line":444,"column":20}}]},"75":{"loc":{"start":{"line":446,"column":6},"end":{"line":462,"column":7}},"type":"if","locations":[{"start":{"line":446,"column":6},"end":{"line":462,"column":7}}]},"76":{"loc":{"start":{"line":446,"column":10},"end":{"line":446,"column":54}},"type":"binary-expr","locations":[{"start":{"line":446,"column":10},"end":{"line":446,"column":32}},{"start":{"line":446,"column":36},"end":{"line":446,"column":54}}]},"77":{"loc":{"start":{"line":448,"column":36},"end":{"line":448,"column":62}},"type":"cond-expr","locations":[{"start":{"line":448,"column":46},"end":{"line":448,"column":55}},{"start":{"line":448,"column":58},"end":{"line":448,"column":62}}]},"78":{"loc":{"start":{"line":456,"column":19},"end":{"line":458,"column":86}},"type":"cond-expr","locations":[{"start":{"line":457,"column":14},"end":{"line":457,"column":117}},{"start":{"line":458,"column":14},"end":{"line":458,"column":86}}]},"79":{"loc":{"start":{"line":479,"column":30},"end":{"line":479,"column":56}},"type":"cond-expr","locations":[{"start":{"line":479,"column":40},"end":{"line":479,"column":49}},{"start":{"line":479,"column":52},"end":{"line":479,"column":56}}]},"80":{"loc":{"start":{"line":487,"column":13},"end":{"line":489,"column":47}},"type":"cond-expr","locations":[{"start":{"line":488,"column":8},"end":{"line":488,"column":98}},{"start":{"line":489,"column":8},"end":{"line":489,"column":47}}]},"81":{"loc":{"start":{"line":507,"column":4},"end":{"line":507,"column":null}},"type":"binary-expr","locations":[{"start":{"line":507,"column":4},"end":{"line":507,"column":27}},{"start":{"line":507,"column":31},"end":{"line":507,"column":44}},{"start":{"line":507,"column":48},"end":{"line":507,"column":63}}]},"82":{"loc":{"start":{"line":507,"column":4},"end":{"line":507,"column":27}},"type":"cond-expr","locations":[{"start":{"line":507,"column":18},"end":{"line":507,"column":20}},{"start":{"line":507,"column":18},"end":{"line":507,"column":27}}]},"83":{"loc":{"start":{"line":507,"column":4},"end":{"line":507,"column":20}},"type":"binary-expr","locations":[{"start":{"line":507,"column":4},"end":{"line":507,"column":20}},{"start":{"line":507,"column":18},"end":{"line":507,"column":20}}]},"84":{"loc":{"start":{"line":507,"column":4},"end":{"line":507,"column":18}},"type":"cond-expr","locations":[{"start":{"line":507,"column":8},"end":{"line":507,"column":10}},{"start":{"line":507,"column":4},"end":{"line":507,"column":18}}]},"85":{"loc":{"start":{"line":507,"column":4},"end":{"line":507,"column":10}},"type":"binary-expr","locations":[{"start":{"line":507,"column":4},"end":{"line":507,"column":10}},{"start":{"line":507,"column":4},"end":{"line":507,"column":10}}]},"86":{"loc":{"start":{"line":507,"column":31},"end":{"line":507,"column":44}},"type":"cond-expr","locations":[{"start":{"line":507,"column":35},"end":{"line":507,"column":37}},{"start":{"line":507,"column":31},"end":{"line":507,"column":44}}]},"87":{"loc":{"start":{"line":507,"column":31},"end":{"line":507,"column":37}},"type":"binary-expr","locations":[{"start":{"line":507,"column":31},"end":{"line":507,"column":37}},{"start":{"line":507,"column":31},"end":{"line":507,"column":37}}]},"88":{"loc":{"start":{"line":507,"column":48},"end":{"line":507,"column":63}},"type":"cond-expr","locations":[{"start":{"line":507,"column":52},"end":{"line":507,"column":54}},{"start":{"line":507,"column":48},"end":{"line":507,"column":63}}]},"89":{"loc":{"start":{"line":507,"column":48},"end":{"line":507,"column":54}},"type":"binary-expr","locations":[{"start":{"line":507,"column":48},"end":{"line":507,"column":54}},{"start":{"line":507,"column":48},"end":{"line":507,"column":54}}]},"90":{"loc":{"start":{"line":511,"column":2},"end":{"line":514,"column":3}},"type":"if","locations":[{"start":{"line":511,"column":2},"end":{"line":514,"column":3}}]},"91":{"loc":{"start":{"line":511,"column":6},"end":{"line":511,"column":50}},"type":"binary-expr","locations":[{"start":{"line":511,"column":6},"end":{"line":511,"column":22}},{"start":{"line":511,"column":26},"end":{"line":511,"column":48}}]},"92":{"loc":{"start":{"line":511,"column":26},"end":{"line":511,"column":48}},"type":"cond-expr","locations":[{"start":{"line":511,"column":36},"end":{"line":511,"column":38}},{"start":{"line":511,"column":26},"end":{"line":511,"column":48}}]},"93":{"loc":{"start":{"line":511,"column":26},"end":{"line":511,"column":38}},"type":"binary-expr","locations":[{"start":{"line":511,"column":26},"end":{"line":511,"column":38}},{"start":{"line":511,"column":26},"end":{"line":511,"column":38}}]},"94":{"loc":{"start":{"line":520,"column":2},"end":{"line":531,"column":3}},"type":"if","locations":[{"start":{"line":520,"column":2},"end":{"line":531,"column":3}}]},"95":{"loc":{"start":{"line":533,"column":2},"end":{"line":544,"column":3}},"type":"if","locations":[{"start":{"line":533,"column":2},"end":{"line":544,"column":3}}]},"96":{"loc":{"start":{"line":533,"column":6},"end":{"line":533,"column":49}},"type":"binary-expr","locations":[{"start":{"line":533,"column":6},"end":{"line":533,"column":20}},{"start":{"line":533,"column":24},"end":{"line":533,"column":49}}]},"97":{"loc":{"start":{"line":548,"column":19},"end":{"line":548,"column":67}},"type":"cond-expr","locations":[{"start":{"line":548,"column":48},"end":{"line":548,"column":58}},{"start":{"line":548,"column":61},"end":{"line":548,"column":67}}]},"98":{"loc":{"start":{"line":557,"column":6},"end":{"line":559,"column":94}},"type":"cond-expr","locations":[{"start":{"line":558,"column":10},"end":{"line":558,"column":69}},{"start":{"line":559,"column":10},"end":{"line":559,"column":94}}]},"99":{"loc":{"start":{"line":574,"column":2},"end":{"line":574,"column":null}},"type":"if","locations":[{"start":{"line":574,"column":2},"end":{"line":574,"column":null}}]},"100":{"loc":{"start":{"line":597,"column":6},"end":{"line":597,"column":null}},"type":"if","locations":[{"start":{"line":597,"column":6},"end":{"line":597,"column":null}}]},"101":{"loc":{"start":{"line":599,"column":13},"end":{"line":599,"column":57}},"type":"binary-expr","locations":[{"start":{"line":599,"column":13},"end":{"line":599,"column":34}},{"start":{"line":599,"column":38},"end":{"line":599,"column":57}}]},"102":{"loc":{"start":{"line":622,"column":2},"end":{"line":622,"column":null}},"type":"if","locations":[{"start":{"line":622,"column":2},"end":{"line":622,"column":null}}]},"103":{"loc":{"start":{"line":630,"column":4},"end":{"line":630,"column":55}},"type":"if","locations":[{"start":{"line":630,"column":4},"end":{"line":630,"column":55}}]},"104":{"loc":{"start":{"line":630,"column":8},"end":{"line":630,"column":45}},"type":"binary-expr","locations":[{"start":{"line":630,"column":8},"end":{"line":630,"column":26}},{"start":{"line":630,"column":30},"end":{"line":630,"column":45}}]},"105":{"loc":{"start":{"line":634,"column":23},"end":{"line":636,"column":35}},"type":"cond-expr","locations":[{"start":{"line":635,"column":8},"end":{"line":635,"column":33}},{"start":{"line":636,"column":8},"end":{"line":636,"column":35}}]},"106":{"loc":{"start":{"line":644,"column":4},"end":{"line":646,"column":5}},"type":"if","locations":[{"start":{"line":644,"column":4},"end":{"line":646,"column":5}}]},"107":{"loc":{"start":{"line":644,"column":8},"end":{"line":644,"column":39}},"type":"binary-expr","locations":[{"start":{"line":644,"column":8},"end":{"line":644,"column":22}},{"start":{"line":644,"column":26},"end":{"line":644,"column":39}}]},"108":{"loc":{"start":{"line":664,"column":2},"end":{"line":666,"column":3}},"type":"if","locations":[{"start":{"line":664,"column":2},"end":{"line":666,"column":3}}]},"109":{"loc":{"start":{"line":664,"column":6},"end":{"line":664,"column":64}},"type":"binary-expr","locations":[{"start":{"line":664,"column":6},"end":{"line":664,"column":32}},{"start":{"line":664,"column":36},"end":{"line":664,"column":64}}]},"110":{"loc":{"start":{"line":683,"column":2},"end":{"line":683,"column":null}},"type":"if","locations":[{"start":{"line":683,"column":2},"end":{"line":683,"column":null}}]},"111":{"loc":{"start":{"line":684,"column":2},"end":{"line":684,"column":null}},"type":"if","locations":[{"start":{"line":684,"column":2},"end":{"line":684,"column":null}}]},"112":{"loc":{"start":{"line":699,"column":2},"end":{"line":710,"column":3}},"type":"if","locations":[{"start":{"line":699,"column":2},"end":{"line":710,"column":3}}]},"113":{"loc":{"start":{"line":699,"column":6},"end":{"line":699,"column":65}},"type":"binary-expr","locations":[{"start":{"line":699,"column":6},"end":{"line":699,"column":11}},{"start":{"line":699,"column":15},"end":{"line":699,"column":40}},{"start":{"line":699,"column":44},"end":{"line":699,"column":65}}]},"114":{"loc":{"start":{"line":722,"column":4},"end":{"line":724,"column":5}},"type":"if","locations":[{"start":{"line":722,"column":4},"end":{"line":724,"column":5}}]},"115":{"loc":{"start":{"line":728,"column":2},"end":{"line":739,"column":3}},"type":"if","locations":[{"start":{"line":728,"column":2},"end":{"line":739,"column":3}}]},"116":{"loc":{"start":{"line":750,"column":4},"end":{"line":753,"column":5}},"type":"if","locations":[{"start":{"line":750,"column":4},"end":{"line":753,"column":5}}]},"117":{"loc":{"start":{"line":764,"column":2},"end":{"line":771,"column":3}},"type":"if","locations":[{"start":{"line":764,"column":2},"end":{"line":771,"column":3}},{"start":{"line":766,"column":9},"end":{"line":771,"column":3}}]},"118":{"loc":{"start":{"line":766,"column":9},"end":{"line":771,"column":3}},"type":"if","locations":[{"start":{"line":766,"column":9},"end":{"line":771,"column":3}},{"start":{"line":768,"column":9},"end":{"line":771,"column":3}}]},"119":{"loc":{"start":{"line":792,"column":2},"end":{"line":794,"column":3}},"type":"if","locations":[{"start":{"line":792,"column":2},"end":{"line":794,"column":3}}]},"120":{"loc":{"start":{"line":792,"column":6},"end":{"line":792,"column":65}},"type":"binary-expr","locations":[{"start":{"line":792,"column":6},"end":{"line":792,"column":12}},{"start":{"line":792,"column":16},"end":{"line":792,"column":36}},{"start":{"line":792,"column":40},"end":{"line":792,"column":65}}]},"121":{"loc":{"start":{"line":808,"column":2},"end":{"line":808,"column":null}},"type":"if","locations":[{"start":{"line":808,"column":2},"end":{"line":808,"column":null}}]},"122":{"loc":{"start":{"line":809,"column":2},"end":{"line":809,"column":null}},"type":"if","locations":[{"start":{"line":809,"column":2},"end":{"line":809,"column":null}}]},"123":{"loc":{"start":{"line":868,"column":4},"end":{"line":873,"column":11}},"type":"binary-expr","locations":[{"start":{"line":868,"column":4},"end":{"line":868,"column":28}},{"start":{"line":869,"column":4},"end":{"line":869,"column":18}},{"start":{"line":870,"column":4},"end":{"line":870,"column":21}},{"start":{"line":871,"column":4},"end":{"line":871,"column":19}},{"start":{"line":872,"column":4},"end":{"line":872,"column":29}},{"start":{"line":873,"column":4},"end":{"line":873,"column":11}}]},"124":{"loc":{"start":{"line":868,"column":4},"end":{"line":868,"column":28}},"type":"cond-expr","locations":[{"start":{"line":868,"column":18},"end":{"line":868,"column":20}},{"start":{"line":868,"column":18},"end":{"line":868,"column":28}}]},"125":{"loc":{"start":{"line":868,"column":4},"end":{"line":868,"column":20}},"type":"binary-expr","locations":[{"start":{"line":868,"column":4},"end":{"line":868,"column":20}},{"start":{"line":868,"column":18},"end":{"line":868,"column":20}}]},"126":{"loc":{"start":{"line":868,"column":4},"end":{"line":868,"column":18}},"type":"cond-expr","locations":[{"start":{"line":868,"column":8},"end":{"line":868,"column":10}},{"start":{"line":868,"column":4},"end":{"line":868,"column":18}}]},"127":{"loc":{"start":{"line":868,"column":4},"end":{"line":868,"column":10}},"type":"binary-expr","locations":[{"start":{"line":868,"column":4},"end":{"line":868,"column":10}},{"start":{"line":868,"column":4},"end":{"line":868,"column":10}}]},"128":{"loc":{"start":{"line":869,"column":4},"end":{"line":869,"column":18}},"type":"cond-expr","locations":[{"start":{"line":869,"column":8},"end":{"line":869,"column":10}},{"start":{"line":869,"column":4},"end":{"line":869,"column":18}}]},"129":{"loc":{"start":{"line":869,"column":4},"end":{"line":869,"column":10}},"type":"binary-expr","locations":[{"start":{"line":869,"column":4},"end":{"line":869,"column":10}},{"start":{"line":869,"column":4},"end":{"line":869,"column":10}}]},"130":{"loc":{"start":{"line":870,"column":4},"end":{"line":870,"column":21}},"type":"cond-expr","locations":[{"start":{"line":870,"column":8},"end":{"line":870,"column":10}},{"start":{"line":870,"column":4},"end":{"line":870,"column":21}}]},"131":{"loc":{"start":{"line":870,"column":4},"end":{"line":870,"column":10}},"type":"binary-expr","locations":[{"start":{"line":870,"column":4},"end":{"line":870,"column":10}},{"start":{"line":870,"column":4},"end":{"line":870,"column":10}}]},"132":{"loc":{"start":{"line":871,"column":4},"end":{"line":871,"column":19}},"type":"cond-expr","locations":[{"start":{"line":871,"column":8},"end":{"line":871,"column":10}},{"start":{"line":871,"column":4},"end":{"line":871,"column":19}}]},"133":{"loc":{"start":{"line":871,"column":4},"end":{"line":871,"column":10}},"type":"binary-expr","locations":[{"start":{"line":871,"column":4},"end":{"line":871,"column":10}},{"start":{"line":871,"column":4},"end":{"line":871,"column":10}}]},"134":{"loc":{"start":{"line":872,"column":4},"end":{"line":872,"column":29}},"type":"cond-expr","locations":[{"start":{"line":872,"column":14},"end":{"line":872,"column":16}},{"start":{"line":872,"column":4},"end":{"line":872,"column":29}}]},"135":{"loc":{"start":{"line":872,"column":4},"end":{"line":872,"column":16}},"type":"binary-expr","locations":[{"start":{"line":872,"column":4},"end":{"line":872,"column":16}},{"start":{"line":872,"column":4},"end":{"line":872,"column":16}}]},"136":{"loc":{"start":{"line":890,"column":24},"end":{"line":890,"column":68}},"type":"cond-expr","locations":[{"start":{"line":890,"column":48},"end":{"line":890,"column":64}},{"start":{"line":890,"column":67},"end":{"line":890,"column":68}}]},"137":{"loc":{"start":{"line":903,"column":8},"end":{"line":905,"column":13}},"type":"cond-expr","locations":[{"start":{"line":904,"column":12},"end":{"line":904,"column":70}},{"start":{"line":905,"column":12},"end":{"line":905,"column":13}}]},"138":{"loc":{"start":{"line":906,"column":16},"end":{"line":906,"column":36}},"type":"cond-expr","locations":[{"start":{"line":906,"column":30},"end":{"line":906,"column":34}},{"start":{"line":906,"column":34},"end":{"line":906,"column":36}}]},"139":{"loc":{"start":{"line":906,"column":16},"end":{"line":906,"column":34}},"type":"binary-expr","locations":[{"start":{"line":906,"column":16},"end":{"line":906,"column":34}},{"start":{"line":906,"column":30},"end":{"line":906,"column":34}}]},"140":{"loc":{"start":{"line":906,"column":16},"end":{"line":906,"column":30}},"type":"cond-expr","locations":[{"start":{"line":906,"column":20},"end":{"line":906,"column":22}},{"start":{"line":906,"column":16},"end":{"line":906,"column":30}}]},"141":{"loc":{"start":{"line":906,"column":16},"end":{"line":906,"column":22}},"type":"binary-expr","locations":[{"start":{"line":906,"column":16},"end":{"line":906,"column":22}},{"start":{"line":906,"column":16},"end":{"line":906,"column":22}}]},"142":{"loc":{"start":{"line":911,"column":16},"end":{"line":911,"column":35}},"type":"cond-expr","locations":[{"start":{"line":911,"column":29},"end":{"line":911,"column":33}},{"start":{"line":911,"column":33},"end":{"line":911,"column":35}}]},"143":{"loc":{"start":{"line":911,"column":16},"end":{"line":911,"column":33}},"type":"binary-expr","locations":[{"start":{"line":911,"column":16},"end":{"line":911,"column":33}},{"start":{"line":911,"column":29},"end":{"line":911,"column":33}}]},"144":{"loc":{"start":{"line":911,"column":16},"end":{"line":911,"column":29}},"type":"cond-expr","locations":[{"start":{"line":911,"column":20},"end":{"line":911,"column":22}},{"start":{"line":911,"column":16},"end":{"line":911,"column":29}}]},"145":{"loc":{"start":{"line":911,"column":16},"end":{"line":911,"column":22}},"type":"binary-expr","locations":[{"start":{"line":911,"column":16},"end":{"line":911,"column":22}},{"start":{"line":911,"column":16},"end":{"line":911,"column":22}}]},"146":{"loc":{"start":{"line":928,"column":2},"end":{"line":930,"column":3}},"type":"if","locations":[{"start":{"line":928,"column":2},"end":{"line":930,"column":3}}]},"147":{"loc":{"start":{"line":932,"column":2},"end":{"line":934,"column":3}},"type":"if","locations":[{"start":{"line":932,"column":2},"end":{"line":934,"column":3}}]}},"s":{"0":1,"1":1,"2":1,"3":1,"4":92,"5":58,"6":34,"7":34,"8":21,"9":21,"10":21,"11":21,"12":0,"13":0,"14":0,"15":0,"16":0,"17":0,"18":0,"19":0,"20":0,"21":0,"22":0,"23":21,"24":21,"25":21,"26":21,"27":0,"28":0,"29":21,"30":21,"31":21,"32":5,"33":5,"34":21,"35":16,"36":5,"37":5,"38":0,"39":0,"40":0,"41":0,"42":21,"43":21,"44":21,"45":21,"46":19,"47":4,"48":4,"49":4,"50":4,"51":4,"52":4,"53":4,"54":4,"55":4,"56":4,"57":1,"58":3,"59":0,"60":4,"61":15,"62":2,"63":2,"64":2,"65":0,"66":2,"67":0,"68":2,"69":21,"70":21,"71":0,"72":21,"73":2,"74":19,"75":19,"76":19,"77":17,"78":17,"79":17,"80":6,"81":2,"82":2,"83":2,"84":2,"85":2,"86":0,"87":0,"88":2,"89":4,"90":3,"91":3,"92":3,"93":3,"94":3,"95":0,"96":3,"97":1,"98":3,"99":14,"100":14,"101":14,"102":14,"103":14,"104":12,"105":2,"106":0,"107":14,"108":21,"109":21,"110":2,"111":19,"112":19,"113":19,"114":19,"115":18,"116":5,"117":5,"118":4,"119":4,"120":4,"121":14,"122":1,"123":1,"124":1,"125":21,"126":21,"127":21,"128":5,"129":5,"130":21,"131":21,"132":21,"133":16,"134":5,"135":5,"136":0,"137":0,"138":0,"139":0,"140":0,"141":0,"142":0,"143":0,"144":0,"145":0,"146":147,"147":147,"148":147,"149":147,"150":147,"151":147,"152":0,"153":0,"154":0,"155":0,"156":0,"157":0,"158":0,"159":147,"160":147,"161":0,"162":147,"163":147,"164":0,"165":0,"166":0,"167":0,"168":0,"169":0,"170":0,"171":0,"172":0,"173":0,"174":0,"175":0,"176":0,"177":0,"178":0,"179":0,"180":0,"181":0,"182":0,"183":0,"184":0,"185":0,"186":0,"187":0,"188":0,"189":0,"190":0,"191":0,"192":0,"193":0,"194":21,"195":21,"196":0,"197":21,"198":21,"199":21,"200":21,"201":147,"202":147,"203":147,"204":147,"205":147,"206":0,"207":21,"208":21,"209":61,"210":0,"211":0,"212":0,"213":0,"214":0,"215":0,"216":0,"217":0,"218":0,"219":0,"220":0,"221":0,"222":0,"223":0,"224":0,"225":0,"226":0,"227":0,"228":0,"229":0,"230":0,"231":0,"232":0,"233":0,"234":21,"235":21,"236":0,"237":0,"238":0,"239":0,"240":21,"241":111,"242":12,"243":9,"244":9,"245":9,"246":0,"247":21,"248":21,"249":147,"250":21,"251":147,"252":125,"253":21,"254":21,"255":21,"256":21,"257":21,"258":21,"259":21,"260":21,"261":21,"262":21,"263":21,"264":21,"265":21,"266":21,"267":21,"268":21,"269":21,"270":21,"271":21,"272":21,"273":147,"274":21,"275":147,"276":21,"277":147,"278":21,"279":0,"280":21,"281":12,"282":9,"283":1},"f":{"0":92,"1":21,"2":0,"3":21,"4":21,"5":21,"6":21,"7":21,"8":21,"9":0,"10":147,"11":0,"12":0,"13":147,"14":0,"15":0,"16":21,"17":61,"18":0,"19":0,"20":0,"21":0,"22":0,"23":0,"24":21,"25":0,"26":0,"27":0,"28":21,"29":111,"30":9,"31":21,"32":147,"33":147,"34":125,"35":21,"36":21,"37":147,"38":147,"39":147},"b":{"0":[58],"1":[92,92],"2":[21],"3":[21,0],"4":[0],"5":[0],"6":[0],"7":[0],"8":[0],"9":[21],"10":[0,0],"11":[0,0],"12":[0,0],"13":[21,21,21,21],"14":[21,0],"15":[21,21],"16":[21,0],"17":[21,0],"18":[21,0],"19":[21,0],"20":[21,0],"21":[21,0],"22":[21,0],"23":[21,0],"24":[5],"25":[21,21],"26":[6,15],"27":[21,21],"28":[16],"29":[5],"30":[5,5],"31":[0,0],"32":[0,0],"33":[19],"34":[4],"35":[19,4],"36":[6,13],"37":[19,19],"38":[0,4],"39":[4,4],"40":[4],"41":[4,4],"42":[4],"43":[1,3],"44":[0],"45":[0,2],"46":[0],"47":[2,0],"48":[0],"49":[2],"50":[2,17],"51":[17],"52":[4,13],"53":[17,17],"54":[4,13],"55":[17,17],"56":[6],"57":[17,11],"58":[2],"59":[6,5],"60":[2,0],"61":[0],"62":[3],"63":[4,4],"64":[0,3],"65":[1],"66":[12,2],"67":[0],"68":[2,12],"69":[2],"70":[21,21],"71":[18],"72":[5],"73":[4,14],"74":[18,18],"75":[4],"76":[5,5],"77":[2,2],"78":[2,2],"79":[0,1],"80":[0,1],"81":[21,21,21],"82":[21,0],"83":[21,21],"84":[21,0],"85":[21,0],"86":[21,0],"87":[21,0],"88":[21,0],"89":[21,0],"90":[5],"91":[21,21],"92":[6,15],"93":[21,21],"94":[16],"95":[5],"96":[5,5],"97":[0,0],"98":[0,0],"99":[0],"100":[0],"101":[0,0],"102":[147],"103":[0],"104":[0,0],"105":[0,0],"106":[0],"107":[0,0],"108":[0],"109":[0,0],"110":[0],"111":[0],"112":[0],"113":[21,21,21],"114":[0],"115":[21],"116":[0],"117":[0,0],"118":[0,0],"119":[21],"120":[21,0,0],"121":[12],"122":[9],"123":[21,21,21,21,21,16],"124":[21,0],"125":[21,21],"126":[21,0],"127":[21,0],"128":[21,0],"129":[21,0],"130":[21,0],"131":[21,0],"132":[21,0],"133":[21,0],"134":[6,15],"135":[21,21],"136":[0,21],"137":[2,19],"138":[21,0],"139":[21,21],"140":[0,21],"141":[21,21],"142":[21,0],"143":[21,21],"144":[0,21],"145":[21,21],"146":[0],"147":[12]}}
,"/Users/rogelioguz/Documents/Code House/Activos/happy_dreamersV2/lib/growth/height-percentile.ts": {"path":"/Users/rogelioguz/Documents/Code House/Activos/happy_dreamersV2/lib/growth/height-percentile.ts","statementMap":{"0":{"start":{"line":168,"column":0},"end":{"line":168,"column":16}},"1":{"start":{"line":11,"column":34},"end":{"line":37,"column":null}},"2":{"start":{"line":40,"column":35},"end":{"line":66,"column":null}},"3":{"start":{"line":68,"column":21},"end":{"line":78,"column":1}},"4":{"start":{"line":69,"column":2},"end":{"line":69,"column":null}},"5":{"start":{"line":69,"column":12},"end":{"line":69,"column":null}},"6":{"start":{"line":70,"column":21},"end":{"line":70,"column":45}},"7":{"start":{"line":71,"column":2},"end":{"line":73,"column":3}},"8":{"start":{"line":72,"column":4},"end":{"line":72,"column":null}},"9":{"start":{"line":74,"column":2},"end":{"line":76,"column":3}},"10":{"start":{"line":75,"column":4},"end":{"line":75,"column":null}},"11":{"start":{"line":77,"column":2},"end":{"line":77,"column":null}},"12":{"start":{"line":85,"column":2},"end":{"line":85,"column":null}},"13":{"start":{"line":85,"column":14},"end":{"line":85,"column":null}},"14":{"start":{"line":86,"column":2},"end":{"line":86,"column":null}},"15":{"start":{"line":86,"column":13},"end":{"line":86,"column":null}},"16":{"start":{"line":87,"column":13},"end":{"line":87,"column":24}},"17":{"start":{"line":88,"column":13},"end":{"line":88,"column":25}},"18":{"start":{"line":89,"column":13},"end":{"line":89,"column":24}},"19":{"start":{"line":90,"column":13},"end":{"line":90,"column":25}},"20":{"start":{"line":91,"column":13},"end":{"line":91,"column":24}},"21":{"start":{"line":92,"column":12},"end":{"line":92,"column":21}},"22":{"start":{"line":93,"column":15},"end":{"line":93,"column":29}},"23":{"start":{"line":94,"column":12},"end":{"line":94,"column":36}},"24":{"start":{"line":95,"column":12},"end":{"line":95,"column":31}},"25":{"start":{"line":97,"column":4},"end":{"line":98,"column":75}},"26":{"start":{"line":99,"column":2},"end":{"line":99,"column":null}},"27":{"start":{"line":110,"column":21},"end":{"line":110,"column":59}},"28":{"start":{"line":112,"column":21},"end":{"line":112,"column":43}},"29":{"start":{"line":113,"column":20},"end":{"line":113,"column":41}},"30":{"start":{"line":115,"column":2},"end":{"line":119,"column":3}},"31":{"start":{"line":116,"column":16},"end":{"line":116,"column":40}},"32":{"start":{"line":117,"column":16},"end":{"line":117,"column":26}},"33":{"start":{"line":118,"column":4},"end":{"line":118,"column":null}},"34":{"start":{"line":121,"column":19},"end":{"line":121,"column":42}},"35":{"start":{"line":122,"column":17},"end":{"line":122,"column":34}},"36":{"start":{"line":123,"column":18},"end":{"line":123,"column":34}},"37":{"start":{"line":125,"column":2},"end":{"line":129,"column":null}},"38":{"start":{"line":138,"column":2},"end":{"line":138,"column":null}},"39":{"start":{"line":138,"column":24},"end":{"line":138,"column":null}},"40":{"start":{"line":139,"column":2},"end":{"line":141,"column":3}},"41":{"start"
[...]
locations":[{"start":{"line":249,"column":4},"end":{"line":251,"column":5}}]},"30":{"loc":{"start":{"line":265,"column":2},"end":{"line":267,"column":3}},"type":"if","locations":[{"start":{"line":265,"column":2},"end":{"line":267,"column":3}}]},"31":{"loc":{"start":{"line":277,"column":15},"end":{"line":277,"column":32}},"type":"binary-expr","locations":[{"start":{"line":277,"column":15},"end":{"line":277,"column":23}},{"start":{"line":277,"column":27},"end":{"line":277,"column":32}}]},"32":{"loc":{"start":{"line":279,"column":2},"end":{"line":283,"column":3}},"type":"if","locations":[{"start":{"line":279,"column":2},"end":{"line":283,"column":3}}]},"33":{"loc":{"start":{"line":281,"column":22},"end":{"line":281,"column":78}},"type":"cond-expr","locations":[{"start":{"line":281,"column":42},"end":{"line":281,"column":71}},{"start":{"line":281,"column":74},"end":{"line":281,"column":78}}]},"34":{"loc":{"start":{"line":305,"column":2},"end":{"line":305,"column":37}},"type":"default-arg","locations":[{"start":{"line":305,"column":21},"end":{"line":305,"column":37}}]},"35":{"loc":{"start":{"line":310,"column":2},"end":{"line":312,"column":3}},"type":"if","locations":[{"start":{"line":310,"column":2},"end":{"line":312,"column":3}}]},"36":{"loc":{"start":{"line":310,"column":6},"end":{"line":310,"column":62}},"type":"binary-expr","locations":[{"start":{"line":310,"column":6},"end":{"line":310,"column":29}},{"start":{"line":310,"column":33},"end":{"line":310,"column":62}}]},"37":{"loc":{"start":{"line":314,"column":2},"end":{"line":316,"column":3}},"type":"if","locations":[{"start":{"line":314,"column":2},"end":{"line":316,"column":3}}]},"38":{"loc":{"start":{"line":318,"column":2},"end":{"line":320,"column":3}},"type":"if","locations":[{"start":{"line":318,"column":2},"end":{"line":320,"column":3}}]},"39":{"loc":{"start":{"line":322,"column":2},"end":{"line":324,"column":3}},"type":"if","locations":[{"start":{"line":322,"column":2},"end":{"line":324,"column":3}}]},"40":{"loc":{"start":{"line":326,"column":2},"end":{"line":328,"column":3}},"type":"if","locations":[{"start":{"line":326,"column":2},"end":{"line":328,"column":3}}]},"41":{"loc":{"start":{"line":330,"column":2},"end":{"line":332,"column":3}},"type":"if","locations":[{"start":{"line":330,"column":2},"end":{"line":332,"column":3}}]},"42":{"loc":{"start":{"line":334,"column":2},"end":{"line":336,"column":3}},"type":"if","locations":[{"start":{"line":334,"column":2},"end":{"line":336,"column":3}}]},"43":{"loc":{"start":{"line":338,"column":2},"end":{"line":340,"column":3}},"type":"if","locations":[{"start":{"line":338,"column":2},"end":{"line":340,"column":3}}]},"44":{"loc":{"start":{"line":355,"column":2},"end":{"line":355,"column":37}},"type":"default-arg","locations":[{"start":{"line":355,"column":21},"end":{"line":355,"column":37}}]},"45":{"loc":{"start":{"line":359,"column":2},"end":{"line":361,"column":3}},"type":"if","locations":[{"start":{"line":359,"column":2},"end":{"line":361,"column":3}}]},"46":{"loc":{"start":{"line":365,"column":2},"end":{"line":369,"column":3}},"type":"if","locations":[{"start":{"line":365,"column":2},"end":{"line":369,"column":3}}]},"47":{"loc":{"start":{"line":365,"column":6},"end":{"line":365,"column":52}},"type":"binary-expr","locations":[{"start":{"line":365,"column":6},"end":{"line":365,"column":41}},{"start":{"line":365,"column":45},"end":{"line":365,"column":52}}]}},"s":{"0":1,"1":1,"2":1,"3":17,"4":1,"5":1,"6":1,"7":7,"8":2,"9":5,"10":5,"11":5,"12":2,"13":3,"14":9,"15":9,"16":2,"17":7,"18":4,"19":2,"20":2,"21":3,"22":2,"23":1,"24":1,"25":1,"26":5,"27":5,"28":1,"29":1,"30":1,"31":4,"32":2,"33":2,"34":1,"35":1,"36":1,"37":7,"38":7,"39":7,"40":1,"41":7,"42":5,"43":2,"44":1,"45":1,"46":1,"47":2,"48":2,"49":1,"50":1,"51":1,"52":4,"53":4,"54":4,"55":2,"56":2,"57":2,"58":1,"59":2,"60":2,"61":1,"62":1,"63":3,"64":3,"65":2,"66":1,"67":1,"68":1,"69":4,"70":4,"71":2,"72":2,"73":4,"74":4,"75":4,"76":3,"77":3,"78":1,"79":39,"80":39,"81":9,"82":30,"83":5,"84":25,"85":7,"86":18,"87":2,"88":16,"89":4,"90":12,"91":3,"92":9,"93":4,"94":5,"95":4,"96":1,"97":8,"98":8,"99":1,"100":7,"101":7,"102":3,"103":3,"104":3,"105":4},"f":{"0":17,"1":1,"2":7,"3":9,"4":5,"5":7,"6":2,"7":4,"8":3,"9":4,"10":4,"11":39,"12":8},"b":{"0":[0],"1":[2],"2":[2],"3":[1,1],"4":[2,1],"5":[2],"6":[4],"7":[2],"8":[2],"9":[1],"10":[0],"11":[1],"12":[5,4],"13":[2],"14":[1],"15":[2,1],"16":[0],"17":[1],"18":[7,3,2],"19":[5],"20":[1],"21":[2,1],"22":[0],"23":[1],"24":[0],"25":[2],"26":[1],"27":[1],"28":[2],"29":[1],"30":[2],"31":[4,2],"32":[3],"33":[1,2],"34":[0],"35":[9],"36":[39,31],"37":[5],"38":[7],"39":[2],"40":[4],"41":[3],"42":[4],"43":[4],"44":[0],"45":[1],"46":[3],"47":[7,4]}}
,"/Users/rogelioguz/Documents/Code House/Activos/happy_dreamersV2/lib/utils/sleep-sessions.ts": {"path":"/Users/rogelioguz/Documents/Code House/Activos/happy_dreamersV2/lib/utils/sleep-sessions.ts","statementMap":{"0":{"start":{"line":39,"column":0},"end":{"line":39,"column":16}},"1":{"start":{"line":4,"column":0},"end":{"line":4,"column":47}},"2":{"start":{"line":43,"column":35},"end":{"line":43,"column":37}},"3":{"start":{"line":44,"column":28},"end":{"line":44,"column":45}},"4":{"start":{"line":47,"column":19},"end":{"line":47,"column":61}},"5":{"start":{"line":48,"column":17},"end":{"line":48,"column":57}},"6":{"start":{"line":51,"column":2},"end":{"line":138,"column":null}},"7":{"start":{"line":52,"column":4},"end":{"line":137,"column":5}},"8":{"start":{"line":53,"column":6},"end":{"line":53,"column":null}},"9":{"start":{"line":56,"column":29},"end":{"line":56,"column":44}},"10":{"start":{"line":57,"column":27},"end":{"line":57,"column":40}},"11":{"start":{"line":58,"column":39},"end":{"line":58,"column":44}},"12":{"start":{"line":59,"column":29},"end":{"line":59,"column":34}},"13":{"start":{"line":61,"column":6},"end":{"line":81,"column":7}},"14":{"start":{"line":62,"column":27},"end":{"line":62,"column":52}},"15":{"start":{"line":63,"column":25},"end":{"line":63,"column":71}},"16":{"start":{"line":66,"column":8},"end":{"line":69,"column":9}},"17":{"start":{"line":67,"column":10},"end":{"line":67,"column":null}},"18":{"start":{"line":68,"column":10},"end":{"line":68,"column":null}},"19":{"start":{"line":72,"column":8},"end":{"line":75,"column":9}},"20":{"start":{"line":73,"column":10},"end":{"line":73,"column":null}},"21":{"start":{"line":74,"column":10},"end":{"line":74,"column":null}},"22":{"start":{"line":78,"column":8},"end":{"line":80,"column":9}},"23":{"start":{"line":79,"column":10},"end":{"line":79,"column":null}},"24":{"start":{"line":84,"column":27},"end":{"line":87,"column":null}},"25":{"start":{"line":85,"column":8},"end":{"line":87,"column":55}},"26":{"start":{"line":91,"column":6},"end":{"line":91,"column":null}},"27":{"start":{"line":91,"column":33},"end":{"line":91,"column":62}},"28":{"start":{"line":95,"column":28},"end":{"line":95,"column":77}},"29":{"start":{"line":96,"column":28},"end":{"line":108,"column":8}},"30":{"start":{"line":98,"column":8},"end":{"line":98,"column":null}},"31":{"start":{"line":98,"column":44},"end":{"line":98,"column":null}},"32":{"start":{"line":100,"column":8},"end":{"line":100,"column":null}},"33":{"start":{"line":100,"column":33},"end":{"line":100,"column":null}},"34":{"start":{"line":102,"column":8},"end":{"line":102,"column":null}},"35":{"start":{"line":102,"column":42},"end":{"line":102,"column":null}},"36":{"start":{"line":104,"column":8},"end":{"line":104,"column":null}},"37":{"start":{"line":104,"column":44},"end":{"line":104,"column":null}},"38":{"start":{"line":106,"column":8},"end":{"line":106,"column":null}},"39":{"start":{"line":106,"column":59},"end":{"line":106,"column":null}},"40":{"start":{"line":107,"column":8},"end":{"line":107,"column":null}},"41":{"start":{"line":111,"column":6},"end":{"line":111,"column":null}},"42":{"start":{"line":111,"column":34},"end":{"line":111,"column":63}},"43":{"start":{"line":114,"column":6},"end":{"line":122,"column":7}},"44":{"start":{"line":115,"column":26},"end":{"line":118,"column":null}},"45":{"start":{"line":116,"column":10},"end":{"line":117,"column":96}},"46":{"start":{"line":119,"column":8},"end":{"line":121,"column":9}},"47":{"start":{"line":120,"column":10},"end":{"line":120,"column":null}},"48":{"start":{"line":125,"column":6},"end":{"line":136,"column":null}},"49":{"start":{"line":142,"column":22},"end":{"line":142,"column":74}},"50":{"start":{"line":142,"column":44},"end":{"line":142,"column":73}},"51":{"start":{"line":144,"column":2},"end":{"line":144,"column":null}}},"fnMap":{"0":{"name":"processSleepSessions","decl":{"start":{"line":39,"column":16},"end":{"line":39,"column":36}},"loc":{"start":{"line":41,"column":19},"end":{"line":145,"column":1}}},"1":{"name":"(anonymous_1)","decl":{"start":{"line":51,"column":20},"end":{"line":51,"column":25}},"loc":{"start":{"line":51,"column":28},"end":{"line":138,"column":3}}},"2":{"name":"(anonymous_2)","decl":{"start":{"line":84,"column":44},"end":{"line":84,"column":45}},"loc":{"start":{"line":85,"column":8},"end":{"line":87,"column":55}}},"3":{"name":"(anonymous_3)","decl":{"start":{"line":91,"column":27},"end":{"line":91,"column":29}},"loc":{"start":{"line":91,"column":33},"end":{"line":91,"column":62}}},"4":{"name":"(anonymous_4)","decl":{"start":{"line":96,"column":45},"end":{"line":96,"column":46}},"loc":{"start":{"line":96,"column":49},"end":{"line":108,"column":7}}},"5":{"name":"(anonymous_5)","decl":{"start":{"line":111,"column":28},"end":{"line":111,"column":30}},"loc":{"start":{"line":111,"column":34},"end":{"line":111,"column":63}}},"6":{"name":"(anonymous_6)","decl":{"start":{"line":115,"column":41},"end":{"line":115,"column":42}},"loc":{"start":{"line":116,"column":10},"end":{"line":117,"column":96}}},"7":{"name":"(anonymous_7)","decl":{"start":{"line":142,"column":39},"end":{"line":142,"column":40}},"loc":{"start":{"line":142,"column":44},"end":{"line":142,"column":73}}}},"branchMap":{"0":{"loc":{"start":{"line":47,"column":19},"end":{"line":47,"column":61}},"type":"cond-expr","locations":[{"start":{"line":47,"column":32},"end":{"line":47,"column":54}},{"start":{"line":47,"column":57},"end":{"line":47,"column":61}}]},"1":{"loc":{"start":{"line":48,"column":17},"end":{"line":48,"column":57}},"type":"cond-expr","locations":[{"start":{"line":48,"column":30},"end":{"line":48,"column":50}},{"start":{"line":48,"column":53},"end":{"line":48,"column":57}}]},"2":{"loc":{"start":{"line":52,"column":4},"end":{"line":137,"column":5}},"type":"if","locations":[{"start":{"line":52,"column":4},"end":{"line":137,"column":5}}]},"3":{"loc":{"start":{"line":52,"column":8},"end":{"line":52,"column":72}},"type":"binary-expr","locations":[{"start":{"line":52,"column":8},"end":{"line":52,"column":35}},{"start":{"line":52,"column":39},"end":{"line":52,"column":72}}]},"4":{"loc":{"start":{"line":61,"column":6},"end":{"line":81,"column":7}},"type":"if","locations":[{"start":{"line":61,"column":6},"end":{"line":81,"column":7}}]},"5":{"loc":{"start":{"line":61,"column":10},"end":{"line":61,"column":28}},"type":"binary-expr","locations":[{"start":{"line":61,"column":10},"end":{"line":61,"column":18}},{"start":{"line":61,"column":22},"end":{"line":61,"column":28}}]},"6":{"loc":{"start":{"line":63,"column":25},"end":{"line":63,"column":71}},"type":"cond-expr","locations":[{"start":{"line":63,"column":41},"end":{"line":63,"column":64}},{"start":{"line":63,"column":67},"end":{"line":63,"column":71}}]},"7":{"loc":{"start":{"line":66,"column":8},"end":{"line":69,"column":9}},"type":"if","locations":[{"start":{"line":66,"column":8},"end":{"line":69,"column":9}}]},"8":{"loc":{"start":{"line":72,"column":8},"end":{"line":75,"column":9}},"type":"if","locations":[{"start":{"line":72,"column":8},"end":{"line":75,"column":9}}]},"9":{"loc":{"start":{"line":72,"column":12},"end":{"line":72,"column":41}},"type":"binary-expr","locations":[{"start":{"line":72,"column":12},"end":{"line":72,"column":20}},{"start":{"line":72,"column":24},"end":{"line":72,"column":41}}]},"10":{"loc":{"start":{"line":78,"column":8},"end":{"line":80,"column":9}},"type":"if","locations":[{"start":{"line":78,"column":8},"end":{"line":80,"column":9}}]},"11":{"loc":{"start":{"line":78,"column":12},"end":{"line":78,"column":46}},"type":"binary-expr","locations":[{"start":{"line":78,"column":12},"end":{"line":78,"column":21}},{"start":{"line":78,"column":25},"end":{"line":78,"column":46}}]},"12":{"loc":{"start":{"line":85,"column":8},"end":{"line":87,"column":55}},"type":"binary-expr","locations":[{"start":{"line":85,"column":8},"end":{"line":85,"column":38}},{"start":{"line":86,"column":8},"end":{"line":86,"column":37}},{"start":{"line":87,"column":9},"end":{"line":87,"column":23}},{"start":{"line":87,"column":27},"end":{"line":87,"column":54}}]},"13":{"loc":{"start":{"line":98,"column":8},"end":{"line":98,"column":null}},"type":"if","locations":[{"start":{"line":98,"column":8},"end":{"line":98,"column":null}}]},"14":{"loc":{"start":{"line":100,"column":8},"end":{"line":100,"column":null}},"type":"if","locations":[{"start":{"line":100,"column":8},"end":{"line":100,"column":null}}]},"15":{"loc":{"start":{"line":102,"column":8},"end":{"line":102,"column":null}},"type":"if","locations":[{"start":{"line":102,"column":8},"end":{"line":102,"column":null}}]},"16":{"loc":{"start":{"line":104,"column":8},"end":{"line":104,"column":null}},"type":"if","locations":[{"start":{"line":104,"column":8},"end":{"line":104,"column":null}}]},"17":{"loc":{"start":{"line":106,"column":8},"end":{"line":106,"column":null}},"type":"if","locations":[{"start":{"line":106,"column":8},"end":{"line":106,"column":null}}]},"18":{"loc":{"start":{"line":106,"column":12},"end":{"line":106,"column":57}},"type":"binary-expr","locations":[{"start":{"line":106,"column":12},"end":{"line":106,"column":25}},{"start":{"line":106,"column":29},"end":{"line":106,"column":57}}]},"19":{"loc":{"start":{"line":114,"column":6},"end":{"line":122,"column":7}},"type":"if","locations":[{"start":{"line":114,"column":6},"end":{"line":122,"column":7}}]},"20":{"loc":{"start":{"line":116,"column":10},"end":{"line":117,"column":96}},"type":"binary-expr","locations":[{"start":{"line":116,"column":10},"end":{"line":116,"column":32}},{"start":{"line":117,"column":10},"end":{"line":117,"column":96}}]},"21":{"loc":{"start":{"line":119,"column":8},"end":{"line":121,"column":9}},"type":"if","locations":[{"start":{"line":119,"column":8},"end":{"line":121,"column":9}}]}},"s":{"0":1,"1":1,"2":19,"3":19,"4":19,"5":19,"6":19,"7":42,"8":18,"9":18,"10":18,"11":18,"12":18,"13":18,"14":0,"15":0,"16":0,"17":0,"18":0,"19":0,"20":0,"21":0,"22":0,"23":0,"24":18,"25":42,"26":18,"27":3,"28":18,"29":18,"30":42,"31":26,"32":16,"33":0,"34":16,"35":0,"36":16,"37":2,"38":14,"39":3,"40":11,"41":18,"42":11,"43":18,"44":16,"45":38,"46":16,"47":1,"48":18,"49":19,"50":42,"51":19},"f":{"0":19,"1":42,"2":42,"3":3,"4":42,"5":11,"6":38,"7":42},"b":{"0":[0,19],"1":[0,19],"2":[18],"3":[42,18],"4":[0],"5":[18,0],"6":[0,0],"7":[0],"8":[0],"9":[0,0],"10":[0],"11":[0,0],"12":[42,3,3,3],"13":[26],"14":[0],"15":[0],"16":[2],"17":[3],"18":[14,13],"19":[16],"20":[38,1],"21":[1]}}
,"/Users/rogelioguz/Documents/Code House/Activos/happy_dreamersV2/lib/validations/event.ts": {"path":"/Users/rogelioguz/Documents/Code House/Activos/happy_dreamersV2/lib/validations/event.ts","statementMap":{"0":{"start":{"line":2,"column":0},"end":{"line":2,"column":24}},"1":{"start":{"line":3,"column":0},"end":{"line":3,"column":51}},"2":{"start":{"line":8,"column":13},"end":{"line":47,"column":null}},"3":{"start":{"line":26,"column":2},"end":{"line":30,"column":3}},"4":{"start":{"line":27,"column":18},"end":{"line":27,"column":42}},"5":{"start":{"line":28,"column":16},"end":{"line":28,"column":38}},"6":{"start":{"line":29,"column":4},"end":{"line":29,"column":null}},"7":{"start":{"line":31,"column":2},"end":{"line":31,"column":null}},"8":{"start":{"line":37,"column":2},"end":{"line":42,"column":3}},"9":{"start":{"line":38,"column":18},"end":{"line":38,"column":42}},"10":{"start":{"line":39,"column":16},"end":{"line":39,"column":38}},"11":{"start":{"line":40,"column":31},"end":{"line":40,"column":83}},"12":{"start":{"line":41,"column":4},"end":{"line":41,"column":62}},"13":{"start":{"line":43,"column":2},"end":{"line":43,"column":null}},"14":{"start":{"line":57,"column":13},"end":{"line":64,"column":null}},"15":{"start":{"line":69,"column":32},"end":{"line":76,"column":1}},"16":{"start":{"line":70,"column":14},"end":{"line":70,"column":24}},"17":{"start":{"line":72,"column":2},"end":{"line":72,"column":null}},"18":{"start":{"line":72,"column":18},"end":{"line":72,"column":null}},"19":{"start":{"line":74,"column":19},"end":{"line":74,"column":54}},"20":{"start":{"line":75,"column":2},"end":{"line":75,"column":null}},"21":{"start":{"line":69,"column":13},"end":{"line":69,"column":32}},"22":{"start":{"line":81,"column":36},"end":{"line":91,"column":1}},"23":{"start":{"line":82,"column":47},"end":{"line":87,"column":null}},"24":{"start":{"line":89,"column":22},"end":{"line":89,"column":51}},"25":{"start":{"line":90,"column":2},"end":{"line":90,"column":null}},"26":{"start":{"line":81,"column":13},"end":{"line":81,"column":36}}},"fnMap":{"0":{"name":"(anonymous_9)","decl":{"start":{"line":24,"column":10},"end":{"line":24,"column":11}},"loc":{"start":{"line":24,"column":19},"end":{"line":32,"column":1}}},"1":{"name":"(anonymous_10)","decl":{"start":{"line":35,"column":10},"end":{"line":35,"column":11}},"loc":{"start":{"line":35,"column":19},"end":{"line":44,"column":1}}},"2":{"name":"(anonymous_11)","decl":{"start":{"line":69,"column":32},"end":{"line":69,"column":33}},"loc":{"start":{"line":69,"column":56},"end":{"line":76,"column":1}}},"3":{"name":"(anonymous_12)","decl":{"start":{"line":81,"column":36},"end":{"line":81,"column":37}},"loc":{"start":{"line":81,"column":82},"end":{"line":91,"column":1}}}},"branchMap":{"0":{"loc":{"start":{"line":26,"column":2},"end":{"line":30,"column":3}},"type":"if","locations":[{"start":{"line":26,"column":2},"end":{"line":30,"column":3}}]},"1":{"loc":{"start":{"line":26,"column":6},"end":{"line":26,"column":36}},"type":"binary-expr","locations":[{"start":{"line":26,"column":6},"end":{"line":26,"column":18}},{"start":{"line":26,"column":22},"end":{"line":26,"column":36}}]},"2":{"loc":{"start":{"line":37,"column":2},"end":{"line":42,"column":3}},"type":"if","locations":[{"start":{"line":37,"column":2},"end":{"line":42,"column":3}}]},"3":{"loc":{"start":{"line":37,"column":6},"end":{"line":37,"column":67}},"type":"binary-expr","locations":[{"start":{"line":37,"column":6},"end":{"line":37,"column":18}},{"start":{"line":37,"column":22},"end":{"line":37,"column":36}},{"start":{"line":37,"column":40},"end":{"line":37,"column":67}}]},"4":{"loc":{"start":{"line":72,"column":2},"end":{"line":72,"column":null}},"type":"if","locations":[{"start":{"line":72,"column":2},"end":{"line":72,"column":null}}]},"5":{"loc":{"start":{"line":75,"column":9},"end":{"line":75,"column":40}},"type":"binary-expr","locations":[{"start":{"line":75,"column":9},"end":{"line":75,"column":22}},{"start":{"line":75,"column":26},"end":{"line":75,"column":40}}]},"6":{"loc":{"start":{"line":89,"column":22},"end":{"line":89,"column":51}},"type":"binary-expr","locations":[{"start":{"line":89,"column":22},"end":{"line":89,"column":45}},{"start":{"line":89,"column":49},"end":{"line":89,"column":51}}]},"7":{"loc":{"start":{"line":90,"column":9},"end":{"line":90,"column":43}},"type":"binary-expr","locations":[{"start":{"line":90,"column":9},"end":{"line":90,"column":19}},{"start":{"line":90,"column":23},"end":{"line":90,"column":43}}]}},"s":{"0":1,"1":1,"2":1,"3":6,"4":4,"5":4,"6":4,"7":2,"8":6,"9":3,"10":3,"11":3,"12":3,"13":3,"14":1,"15":1,"16":6,"17":6,"18":1,"19":5,"20":5,"21":1,"22":1,"23":16,"24":16,"25":16,"26":1},"f":{"0":6,"1":6,"2":6,"3":16},"b":{"0":[4],"1":[6,4],"2":[3],"3":[6,4,4],"4":[1],"5":[5,5],"6":[16,2],"7":[16,14]}}
}
