TN:
SF:hooks/useEventDateTime.ts
FN:7,(anonymous_0)
FN:9,(anonymous_1)
FN:21,(anonymous_2)
FN:33,(anonymous_3)
FN:45,(anonymous_4)
FN:62,(anonymous_5)
FN:74,(anonymous_6)
FNF:7
FNH:0
FNDA:0,(anonymous_0)
FNDA:0,(anonymous_1)
FNDA:0,(anonymous_2)
FNDA:0,(anonymous_3)
FNDA:0,(anonymous_4)
FNDA:0,(anonymous_5)
FNDA:0,(anonymous_6)
DA:2,1
DA:7,1
DA:9,0
DA:10,0
DA:11,0
DA:12,0
DA:13,0
DA:15,0
DA:17,0
DA:21,0
DA:22,0
DA:23,0
DA:24,0
DA:25,0
DA:26,0
DA:27,0
DA:29,0
DA:33,0
DA:34,0
DA:35,0
DA:36,0
DA:37,0
DA:38,0
DA:39,0
DA:41,0
DA:45,0
DA:46,0
DA:48,0
DA:49,0
DA:50,0
DA:51,0
DA:52,0
DA:53,0
DA:54,0
DA:55,0
DA:57,0
DA:62,0
DA:63,0
DA:65,0
DA:66,0
DA:67,0
DA:68,0
DA:70,0
DA:74,0
DA:75,0
DA:76,0
DA:78,0
DA:81,0
LF:48
LH:2
BRDA:12,0,0,0
BRDA:12,0,1,0
BRDA:48,1,0,0
BRDA:48,1,1,0
BRDA:48,2,0,0
BRDA:48,2,1,0
BRDA:50,3,0,0
BRDA:50,3,1,0
BRDA:50,4,0,0
BRDA:50,4,1,0
BRDA:52,5,0,0
BRDA:52,5,1,0
BRDA:52,6,0,0
BRDA:52,6,1,0
BRDA:54,7,0,0
BRDA:54,7,1,0
BRDA:54,8,0,0
BRDA:54,8,1,0
BRDA:63,9,0,0
BRDA:63,10,0,0
BRDA:63,10,1,0
BRF:21
BRH:0
end_of_record
TN:
SF:lib/diagnostic/age-schedules.ts
FN:250,getScheduleRuleForAge
FN:281,getNightDurationForAge
FNF:2
FNH:2
FNDA:84,getScheduleRuleForAge
FNDA:42,getNightDurationForAge
DA:18,1
DA:250,1
DA:252,84
DA:253,540
DA:254,84
DA:259,0
DA:260,0
DA:263,0
DA:270,1
DA:281,1
DA:282,42
DA:284,42
DA:285,0
DA:286,0
DA:287,0
DA:288,0
DA:290,0
DA:294,1
DA:295,1
DA:296,1
DA:297,1
LF:21
LH:13
BRDA:253,0,0,84
BRDA:253,1,0,540
BRDA:253,1,1,540
BRDA:259,2,0,0
BRDA:284,3,0,42
BRDA:285,4,0,0
BRDA:286,5,0,0
BRDA:287,6,0,0
BRDA:288,7,0,0
BRF:9
BRH:4
end_of_record
TN:
SF:lib/diagnostic/rules/schedule-rules.ts
FN:66,timeToMinutes
FN:76,getTimeDeviationMinutes
FN:94,getStatusFromDeviation
FN:107,validateMinimumWakeTime
FN:146,validateWakeDeviation
FN:216,validateNightDuration
FN:295,validateNapCount
FN:416,validateNapDuration
FN:498,validateBedtime
FN:573,extractTimeFromEvent
FN:587,getDayEvents
FN:596,(anonymous_11)
FN:601,(anonymous_12)
FN:614,calculateDayWindows
FN:618,(anonymous_14)
FN:656,compareWindows
FN:692,validateSleepWindows
FN:734,(anonymous_17)
FN:743,(anonymous_18)
FN:747,(anonymous_19)
FN:748,(anonymous_20)
FN:751,(anonymous_21)
FN:760,(anonymous_22)
FN:761,(anonymous_23)
FN:789,parseWindowsFromValue
FN:799,(anonymous_25)
FN:800,(anonymous_26)
FN:801,(anonymous_27)
FN:807,getWorstStatus
FN:808,(anonymous_29)
FN:809,(anonymous_30)
FN:816,calculateDataCompleteness
FN:820,(anonymous_32)
FN:822,(anonymous_33)
FN:823,(anonymous_34)
FN:836,validateSchedule
FN:920,generateSummary
FN:924,(anonymous_37)
FN:925,(anonymous_38)
FN:926,(anonymous_39)
FNF:40
FNH:25
FNDA:92,timeToMinutes
FNDA:21,getTimeDeviationMinutes
FNDA:0,getStatusFromDeviation
FNDA:21,validateMinimumWakeTime
FNDA:21,validateWakeDeviation
FNDA:21,validateNightDuration
FNDA:21,validateNapCount
FNDA:21,validateNapDuration
FNDA:21,validateBedtime
FNDA:0,extractTimeFromEvent
FNDA:147,getDayEvents
FNDA:0,(anonymous_11)
FNDA:0,(anonymous_12)
FNDA:147,calculateDayWindows
FNDA:0,(anonymous_14)
FNDA:0,compareWindows
FNDA:21,validateSleepWindows
FNDA:61,(anonymous_17)
FNDA:0,(anonymous_18)
FNDA:0,(anonymous_19)
FNDA:0,(anonymous_20)
FNDA:0,(anonymous_21)
FNDA:0,(anonymous_22)
FNDA:0,(anonymous_23)
FNDA:21,parseWindowsFromValue
FNDA:0,(anonymous_25)
FNDA:0,(anonymous_26)
FNDA:0,(anonymous_27)
FNDA:21,getWorstStatus
FNDA:111,(anonymous_29)
FNDA:9,(anonymous_30)
FNDA:21,calculateDataCompleteness
FNDA:147,(anonymous_32)
FNDA:147,(anonymous_33)
FNDA:125,(anonymous_34)
FNDA:21,validateSchedule
FNDA:21,generateSummary
FNDA:147,(anonymous_37)
FNDA:147,(anonymous_38)
FNDA:147,(anonymous_39)
DA:5,1
DA:12,1
DA:19,1
DA:67,92
DA:68,34
DA:69,34
DA:77,21
DA:78,21
DA:80,21
DA:82,0
DA:84,0
DA:85,0
DA:88,0
DA:98,0
DA:99,0
DA:100,0
DA:101,0
DA:108,21
DA:109,21
DA:112,21
DA:113,21
DA:127,0
DA:129,0
DA:155,21
DA:161,21
DA:162,21
DA:163,5
DA:164,5
DA:167,21
DA:168,16
DA:180,5
DA:181,5
DA:193,0
DA:194,0
DA:195,0
DA:197,0
DA:222,21
DA:225,21
DA:226,21
DA:228,21
DA:230,19
DA:231,4
DA:232,4
DA:234,4
DA:236,4
DA:237,4
DA:238,4
DA:240,4
DA:241,4
DA:242,4
DA:243,3
DA:245,4
DA:258,15
DA:271,2
DA:272,2
DA:273,2
DA:274,2
DA:276,2
DA:301,21
DA:303,21
DA:304,0
DA:317,21
DA:318,2
DA:331,19
DA:333,19
DA:338,19
DA:340,17
DA:341,17
DA:343,17
DA:345,6
DA:346,2
DA:347,2
DA:348,2
DA:349,2
DA:350,0
DA:352,2
DA:365,4
DA:366,3
DA:367,3
DA:368,3
DA:369,3
DA:370,3
DA:371,3
DA:373,3
DA:388,14
DA:389,14
DA:392,14
DA:393,14
DA:394,14
DA:395,2
DA:397,14
DA:422,21
DA:424,21
DA:425,2
DA:438,19
DA:439,19
DA:440,19
DA:442,19
DA:444,18
DA:445,5
DA:446,5
DA:447,4
DA:448,4
DA:450,4
DA:465,14
DA:478,1
DA:479,1
DA:481,1
DA:507,21
DA:510,21
DA:511,21
DA:512,5
DA:513,5
DA:517,21
DA:518,21
DA:520,21
DA:521,16
DA:533,5
DA:534,5
DA:546,0
DA:547,0
DA:548,0
DA:550,0
DA:574,0
DA:575,0
DA:576,0
DA:577,0
DA:579,0
DA:588,147
DA:589,147
DA:591,147
DA:592,147
DA:593,147
DA:595,147
DA:597,0
DA:598,0
DA:599,0
DA:602,0
DA:603,0
DA:604,0
DA:615,147
DA:618,147
DA:619,0
DA:622,147
DA:624,0
DA:625,0
DA:626,0
DA:630,0
DA:634,0
DA:637,0
DA:640,0
DA:641,0
DA:644,0
DA:645,0
DA:649,0
DA:660,0
DA:661,0
DA:664,0
DA:665,0
DA:670,0
DA:672,0
DA:673,0
DA:674,0
DA:675,0
DA:676,0
DA:681,0
DA:683,0
DA:684,0
DA:685,0
DA:696,21
DA:699,21
DA:700,0
DA:713,21
DA:714,21
DA:716,21
DA:717,147
DA:718,147
DA:719,147
DA:720,147
DA:722,147
DA:723,0
DA:728,21
DA:729,21
DA:734,61
DA:742,0
DA:743,0
DA:745,0
DA:746,0
DA:747,0
DA:748,0
DA:750,0
DA:751,0
DA:752,0
DA:757,0
DA:760,0
DA:761,0
DA:764,0
DA:765,0
DA:766,0
DA:767,0
DA:769,0
DA:770,0
DA:773,0
DA:792,21
DA:793,21
DA:797,0
DA:799,0
DA:800,0
DA:801,0
DA:808,111
DA:809,9
DA:810,0
DA:819,21
DA:820,147
DA:821,21
DA:822,147
DA:823,125
DA:825,21
DA:836,1
DA:839,21
DA:842,21
DA:845,21
DA:846,21
DA:847,21
DA:848,21
DA:849,21
DA:850,21
DA:851,21
DA:853,21
DA:863,21
DA:864,21
DA:868,21
DA:875,21
DA:876,21
DA:877,21
DA:878,21
DA:880,21
DA:924,147
DA:925,147
DA:926,147
DA:928,21
DA:929,0
DA:932,21
DA:933,12
DA:936,9
DA:939,1
LF:246
LH:162
BRDA:67,0,0,58
BRDA:67,1,0,92
BRDA:67,1,1,92
BRDA:80,2,0,21
BRDA:80,3,0,21
BRDA:80,3,1,0
BRDA:84,4,0,0
BRDA:96,5,0,0
BRDA:98,6,0,0
BRDA:99,7,0,0
BRDA:100,8,0,0
BRDA:112,9,0,21
BRDA:127,10,0,0
BRDA:127,10,1,0
BRDA:132,11,0,0
BRDA:132,11,1,0
BRDA:135,12,0,0
BRDA:135,12,1,0
BRDA:155,13,0,21
BRDA:155,13,1,21
BRDA:155,13,2,21
BRDA:155,13,3,21
BRDA:155,14,0,21
BRDA:155,14,1,0
BRDA:155,15,0,21
BRDA:155,15,1,21
BRDA:155,16,0,21
BRDA:155,16,1,0
BRDA:155,17,0,21
BRDA:155,17,1,0
BRDA:156,18,0,21
BRDA:156,18,1,0
BRDA:156,19,0,21
BRDA:156,19,1,0
BRDA:157,20,0,21
BRDA:157,20,1,0
BRDA:157,21,0,21
BRDA:157,21,1,0
BRDA:158,22,0,21
BRDA:158,22,1,0
BRDA:158,23,0,21
BRDA:158,23,1,0
BRDA:162,24,0,5
BRDA:162,25,0,21
BRDA:162,25,1,21
BRDA:162,26,0,6
BRDA:162,26,1,15
BRDA:162,27,0,21
BRDA:162,27,1,21
BRDA:167,28,0,16
BRDA:180,29,0,5
BRDA:180,30,0,5
BRDA:180,30,1,5
BRDA:195,31,0,0
BRDA:195,31,1,0
BRDA:204,32,0,0
BRDA:204,32,1,0
BRDA:228,33,0,19
BRDA:230,34,0,4
BRDA:230,35,0,19
BRDA:230,35,1,4
BRDA:230,36,0,6
BRDA:230,36,1,13
BRDA:230,37,0,19
BRDA:230,37,1,19
BRDA:230,38,0,0
BRDA:230,38,1,4
BRDA:230,39,0,4
BRDA:230,39,1,4
BRDA:234,40,0,4
BRDA:234,41,0,4
BRDA:234,41,1,4
BRDA:237,42,0,4
BRDA:242,43,0,1
BRDA:242,43,1,3
BRDA:243,44,0,0
BRDA:273,45,0,0
BRDA:273,45,1,2
BRDA:274,46,0,0
BRDA:283,47,0,2
BRDA:283,47,1,0
BRDA:303,48,0,0
BRDA:317,49,0,2
BRDA:333,50,0,2
BRDA:333,50,1,17
BRDA:338,51,0,17
BRDA:340,52,0,4
BRDA:340,52,1,13
BRDA:340,53,0,17
BRDA:340,53,1,17
BRDA:341,54,0,4
BRDA:341,54,1,13
BRDA:341,55,0,17
BRDA:341,55,1,17
BRDA:343,56,0,6
BRDA:343,57,0,17
BRDA:343,57,1,11
BRDA:345,58,0,2
BRDA:345,59,0,6
BRDA:345,59,1,5
BRDA:349,60,0,2
BRDA:349,60,1,0
BRDA:350,61,0,0
BRDA:365,62,0,3
BRDA:365,63,0,4
BRDA:365,63,1,4
BRDA:370,64,0,0
BRDA:370,64,1,3
BRDA:371,65,0,1
BRDA:394,66,0,12
BRDA:394,66,1,2
BRDA:395,67,0,0
BRDA:404,68,0,2
BRDA:404,68,1,12
BRDA:424,69,0,2
BRDA:424,70,0,21
BRDA:424,70,1,21
BRDA:442,71,0,18
BRDA:444,72,0,5
BRDA:444,73,0,4
BRDA:444,73,1,14
BRDA:444,74,0,18
BRDA:444,74,1,18
BRDA:446,75,0,4
BRDA:446,76,0,5
BRDA:446,76,1,5
BRDA:448,77,0,2
BRDA:448,77,1,2
BRDA:456,78,0,2
BRDA:456,78,1,2
BRDA:479,79,0,0
BRDA:479,79,1,1
BRDA:487,80,0,0
BRDA:487,80,1,1
BRDA:507,81,0,21
BRDA:507,81,1,21
BRDA:507,81,2,21
BRDA:507,82,0,21
BRDA:507,82,1,0
BRDA:507,83,0,21
BRDA:507,83,1,21
BRDA:507,84,0,21
BRDA:507,84,1,0
BRDA:507,85,0,21
BRDA:507,85,1,0
BRDA:507,86,0,21
BRDA:507,86,1,0
BRDA:507,87,0,21
BRDA:507,87,1,0
BRDA:507,88,0,21
BRDA:507,88,1,0
BRDA:507,89,0,21
BRDA:507,89,1,0
BRDA:511,90,0,5
BRDA:511,91,0,21
BRDA:511,91,1,21
BRDA:511,92,0,6
BRDA:511,92,1,15
BRDA:511,93,0,21
BRDA:511,93,1,21
BRDA:520,94,0,16
BRDA:533,95,0,5
BRDA:533,96,0,5
BRDA:533,96,1,5
BRDA:548,97,0,0
BRDA:548,97,1,0
BRDA:557,98,0,0
BRDA:557,98,1,0
BRDA:574,99,0,0
BRDA:597,100,0,0
BRDA:599,101,0,0
BRDA:599,101,1,0
BRDA:622,102,0,147
BRDA:630,103,0,0
BRDA:630,104,0,0
BRDA:630,104,1,0
BRDA:634,105,0,0
BRDA:634,105,1,0
BRDA:644,106,0,0
BRDA:644,107,0,0
BRDA:644,107,1,0
BRDA:664,108,0,0
BRDA:664,109,0,0
BRDA:664,109,1,0
BRDA:683,110,0,0
BRDA:684,111,0,0
BRDA:699,112,0,0
BRDA:699,113,0,21
BRDA:699,113,1,21
BRDA:699,113,2,21
BRDA:722,114,0,0
BRDA:728,115,0,21
BRDA:750,116,0,0
BRDA:764,117,0,0
BRDA:764,117,1,0
BRDA:766,118,0,0
BRDA:766,118,1,0
BRDA:792,119,0,21
BRDA:792,120,0,21
BRDA:792,120,1,0
BRDA:792,120,2,0
BRDA:808,121,0,12
BRDA:809,122,0,9
BRDA:868,123,0,21
BRDA:868,123,1,21
BRDA:868,123,2,21
BRDA:868,123,3,21
BRDA:868,123,4,21
BRDA:868,123,5,16
BRDA:868,124,0,21
BRDA:868,124,1,0
BRDA:868,125,0,21
BRDA:868,125,1,21
BRDA:868,126,0,21
BRDA:868,126,1,0
BRDA:868,127,0,21
BRDA:868,127,1,0
BRDA:869,128,0,21
BRDA:869,128,1,0
BRDA:869,129,0,21
BRDA:869,129,1,0
BRDA:870,130,0,21
BRDA:870,130,1,0
BRDA:870,131,0,21
BRDA:870,131,1,0
BRDA:871,132,0,21
BRDA:871,132,1,0
BRDA:871,133,0,21
BRDA:871,133,1,0
BRDA:872,134,0,6
BRDA:872,134,1,15
BRDA:872,135,0,21
BRDA:872,135,1,21
BRDA:890,136,0,0
BRDA:890,136,1,21
BRDA:903,137,0,2
BRDA:903,137,1,19
BRDA:906,138,0,21
BRDA:906,138,1,0
BRDA:906,139,0,21
BRDA:906,139,1,21
BRDA:906,140,0,0
BRDA:906,140,1,21
BRDA:906,141,0,21
BRDA:906,141,1,21
BRDA:911,142,0,21
BRDA:911,142,1,0
BRDA:911,143,0,21
BRDA:911,143,1,21
BRDA:911,144,0,0
BRDA:911,144,1,21
BRDA:911,145,0,21
BRDA:911,145,1,21
BRDA:928,146,0,0
BRDA:932,147,0,12
BRF:255
BRH:166
end_of_record
TN:
SF:lib/growth/height-percentile.ts
FN:68,(anonymous_0)
FN:84,normalCDF
FN:106,interpolateLMS
FN:137,calculateZScore
FN:148,calculatePercentileFromTable
FN:168,calculateHeightPercentile
FNF:6
FNH:6
FNDA:15,(anonymous_0)
FNDA:16,normalCDF
FNDA:16,interpolateLMS
FNDA:16,calculateZScore
FNDA:16,calculatePercentileFromTable
FNDA:17,calculateHeightPercentile
DA:11,1
DA:40,1
DA:68,1
DA:69,15
DA:70,14
DA:71,14
DA:72,9
DA:74,5
DA:75,5
DA:77,0
DA:85,16
DA:86,15
DA:87,14
DA:88,14
DA:89,14
DA:90,14
DA:91,14
DA:92,14
DA:93,14
DA:94,14
DA:95,14
DA:97,14
DA:99,14
DA:110,16
DA:112,16
DA:113,16
DA:115,16
DA:116,15
DA:117,15
DA:118,15
DA:121,1
DA:122,1
DA:123,1
DA:125,1
DA:138,16
DA:139,16
DA:140,0
DA:142,16
DA:153,16
DA:154,16
DA:155,16
DA:157,16
DA:158,16
DA:168,1
DA:173,17
DA:179,2
DA:182,15
DA:184,15
DA:185,1
DA:186,1
DA:187,1
DA:188,1
DA:191,14
DA:192,14
DA:195,1
LF:55
LH:53
BRDA:69,0,0,1
BRDA:71,1,0,9
BRDA:74,2,0,5
BRDA:85,3,0,1
BRDA:86,4,0,1
BRDA:93,5,0,2
BRDA:93,5,1,12
BRDA:115,6,0,15
BRDA:115,7,0,16
BRDA:115,7,1,1
BRDA:138,8,0,0
BRDA:138,9,0,16
BRDA:138,9,1,16
BRDA:139,10,0,0
BRDA:173,11,0,2
BRDA:174,12,0,17
BRDA:174,12,1,17
BRDA:174,12,2,15
BRDA:174,12,3,15
BRDA:184,13,0,1
BRDA:187,14,0,0
BRDA:187,15,0,1
BRDA:187,15,1,1
BRDA:191,16,0,9
BRDA:191,16,1,5
BRF:25
BRH:22
end_of_record
TN:
SF:lib/growth/weight-percentile.ts
FN:68,(anonymous_0)
FN:84,normalCDF
FN:106,interpolateLMS
FN:140,calculateZScore
FN:156,calculateWeightPercentile
FN:187,calculatePercentileFromTable
FNF:6
FNH:6
FNDA:65,(anonymous_0)
FNDA:66,normalCDF
FNDA:66,interpolateLMS
FNDA:66,calculateZScore
FNDA:71,calculateWeightPercentile
FNDA:66,calculatePercentileFromTable
DA:11,1
DA:40,1
DA:68,1
DA:69,65
DA:70,64
DA:71,64
DA:72,36
DA:74,28
DA:75,28
DA:77,0
DA:85,66
DA:86,65
DA:87,64
DA:88,64
DA:89,64
DA:90,64
DA:91,64
DA:92,64
DA:93,64
DA:94,64
DA:95,64
DA:97,64
DA:99,64
DA:111,66
DA:113,66
DA:114,66
DA:117,66
DA:118,65
DA:119,65
DA:120,65
DA:124,1
DA:125,1
DA:126,1
DA:128,1
DA:141,66
DA:142,66
DA:144,0
DA:146,66
DA:156,1
DA:161,71
DA:167,6
DA:170,65
DA:173,65
DA:174,1
DA:175,1
DA:176,1
DA:177,1
DA:180,64
DA:181,64
DA:192,66
DA:193,66
DA:194,66
DA:197,66
DA:198,66
DA:201,1
LF:55
LH:53
BRDA:69,0,0,1
BRDA:71,1,0,36
BRDA:74,2,0,28
BRDA:85,3,0,1
BRDA:86,4,0,1
BRDA:93,5,0,3
BRDA:93,5,1,61
BRDA:117,6,0,65
BRDA:117,7,0,66
BRDA:117,7,1,1
BRDA:141,8,0,0
BRDA:141,9,0,66
BRDA:141,9,1,66
BRDA:142,10,0,0
BRDA:161,11,0,6
BRDA:162,12,0,71
BRDA:162,12,1,69
BRDA:162,12,2,67
BRDA:162,12,3,66
BRDA:173,13,0,1
BRDA:176,14,0,0
BRDA:176,15,0,1
BRDA:176,15,1,1
BRDA:180,16,0,36
BRDA:180,16,1,28
BRF:25
BRH:22
end_of_record
TN:
SF:lib/narrative/generate-narrative.ts
FN:64,formatTimeForNarrative
FN:71,calculateDurationMinutes
FN:80,formatDuration
FN:102,generateFeedingNarrative
FN:133,generateSleepNarrative
FN:164,generateNapNarrative
FN:194,generateWakeNarrative
FN:213,generateNightWakingNarrative
FN:244,generateMedicationNarrative
FN:262,generateActivityNarrative
FN:275,generateNoteNarrative
FN:302,generateNarrative
FN:353,generateTimeMetadata
FNF:13
FNH:13
FNDA:17,formatTimeForNarrative
FNDA:1,calculateDurationMinutes
FNDA:7,formatDuration
FNDA:9,generateFeedingNarrative
FNDA:5,generateSleepNarrative
FNDA:7,generateNapNarrative
FNDA:2,generateWakeNarrative
FNDA:4,generateNightWakingNarrative
FNDA:3,generateMedicationNarrative
FNDA:4,generateActivityNarrative
FNDA:4,generateNoteNarrative
FNDA:39,generateNarrative
FNDA:8,generateTimeMetadata
DA:15,1
DA:65,17
DA:72,1
DA:73,1
DA:74,1
DA:81,7
DA:82,2
DA:84,5
DA:85,5
DA:86,5
DA:87,2
DA:89,3
DA:103,9
DA:105,9
DA:107,2
DA:110,7
DA:112,4
DA:113,2
DA:115,2
DA:118,3
DA:120,2
DA:121,1
DA:123,1
DA:127,1
DA:138,5
DA:141,5
DA:142,1
DA:143,1
DA:144,1
DA:148,4
DA:149,2
DA:153,2
DA:154,1
DA:155,1
DA:158,1
DA:169,7
DA:172,7
DA:173,7
DA:174,1
DA:178,7
DA:179,5
DA:183,2
DA:184,1
DA:185,1
DA:188,1
DA:199,2
DA:202,2
DA:203,1
DA:204,1
DA:207,1
DA:218,4
DA:221,4
DA:223,4
DA:224,2
DA:225,2
DA:227,2
DA:228,1
DA:231,2
DA:234,2
DA:235,1
DA:238,1
DA:245,3
DA:248,3
DA:249,2
DA:250,1
DA:252,1
DA:255,1
DA:263,4
DA:265,4
DA:266,2
DA:269,2
DA:276,4
DA:277,4
DA:279,4
DA:281,3
DA:282,3
DA:285,1
DA:302,1
DA:307,39
DA:310,39
DA:311,9
DA:314,30
DA:315,5
DA:318,25
DA:319,7
DA:322,18
DA:323,2
DA:326,16
DA:327,4
DA:330,12
DA:331,3
DA:334,9
DA:335,4
DA:338,5
DA:339,4
DA:343,1
DA:353,1
DA:357,8
DA:359,8
DA:360,1
DA:364,7
DA:365,7
DA:366,3
DA:367,3
DA:368,3
DA:372,4
LF:106
LH:106
BRDA:64,0,0,0
BRDA:81,1,0,2
BRDA:86,2,0,2
BRDA:87,3,0,1
BRDA:87,3,1,1
BRDA:89,4,0,2
BRDA:89,4,1,1
BRDA:105,5,0,2
BRDA:110,6,0,4
BRDA:112,7,0,2
BRDA:118,8,0,2
BRDA:120,9,0,1
BRDA:136,10,0,0
BRDA:141,11,0,1
BRDA:141,12,0,5
BRDA:141,12,1,4
BRDA:148,13,0,2
BRDA:153,14,0,1
BRDA:153,15,0,2
BRDA:153,15,1,1
BRDA:167,16,0,0
BRDA:173,17,0,1
BRDA:173,18,0,7
BRDA:173,18,1,3
BRDA:173,18,2,2
BRDA:178,19,0,5
BRDA:183,20,0,1
BRDA:183,21,0,2
BRDA:183,21,1,1
BRDA:197,22,0,0
BRDA:202,23,0,1
BRDA:216,24,0,0
BRDA:223,25,0,2
BRDA:227,26,0,1
BRDA:234,27,0,1
BRDA:248,28,0,2
BRDA:249,29,0,1
BRDA:265,30,0,2
BRDA:277,31,0,4
BRDA:277,31,1,2
BRDA:279,32,0,3
BRDA:281,33,0,1
BRDA:281,33,1,2
BRDA:305,34,0,0
BRDA:310,35,0,9
BRDA:310,36,0,39
BRDA:310,36,1,31
BRDA:314,37,0,5
BRDA:318,38,0,7
BRDA:322,39,0,2
BRDA:326,40,0,4
BRDA:330,41,0,3
BRDA:334,42,0,4
BRDA:338,43,0,4
BRDA:355,44,0,0
BRDA:359,45,0,1
BRDA:365,46,0,3
BRDA:365,47,0,7
BRDA:365,47,1,4
BRF:59
BRH:52
end_of_record
TN:
SF:lib/utils/sleep-sessions.ts
FN:39,processSleepSessions
FN:51,(anonymous_1)
FN:84,(anonymous_2)
FN:91,(anonymous_3)
FN:96,(anonymous_4)
FN:111,(anonymous_5)
FN:115,(anonymous_6)
FN:142,(anonymous_7)
FNF:8
FNH:8
FNDA:19,processSleepSessions
FNDA:42,(anonymous_1)
FNDA:42,(anonymous_2)
FNDA:3,(anonymous_3)
FNDA:42,(anonymous_4)
FNDA:11,(anonymous_5)
FNDA:38,(anonymous_6)
FNDA:42,(anonymous_7)
DA:4,1
DA:39,1
DA:43,19
DA:44,19
DA:47,19
DA:48,19
DA:51,19
DA:52,42
DA:53,18
DA:56,18
DA:57,18
DA:58,18
DA:59,18
DA:61,18
DA:62,0
DA:63,0
DA:66,0
DA:67,0
DA:68,0
DA:72,0
DA:73,0
DA:74,0
DA:78,0
DA:79,0
DA:84,18
DA:85,42
DA:91,18
DA:95,18
DA:96,18
DA:98,42
DA:100,16
DA:102,16
DA:104,16
DA:106,14
DA:107,11
DA:111,18
DA:114,18
DA:115,16
DA:116,38
DA:119,16
DA:120,1
DA:125,18
DA:142,42
DA:144,19
LF:44
LH:34
BRDA:47,0,0,0
BRDA:47,0,1,19
BRDA:48,1,0,0
BRDA:48,1,1,19
BRDA:52,2,0,18
BRDA:52,3,0,42
BRDA:52,3,1,18
BRDA:61,4,0,0
BRDA:61,5,0,18
BRDA:61,5,1,0
BRDA:63,6,0,0
BRDA:63,6,1,0
BRDA:66,7,0,0
BRDA:72,8,0,0
BRDA:72,9,0,0
BRDA:72,9,1,0
BRDA:78,10,0,0
BRDA:78,11,0,0
BRDA:78,11,1,0
BRDA:85,12,0,42
BRDA:85,12,1,3
BRDA:85,12,2,3
BRDA:85,12,3,3
BRDA:98,13,0,26
BRDA:100,14,0,0
BRDA:102,15,0,0
BRDA:104,16,0,2
BRDA:106,17,0,3
BRDA:106,18,0,14
BRDA:106,18,1,13
BRDA:114,19,0,16
BRDA:116,20,0,38
BRDA:116,20,1,1
BRDA:119,21,0,1
BRF:34
BRH:19
end_of_record
TN:
SF:lib/validations/event.ts
FN:24,(anonymous_9)
FN:35,(anonymous_10)
FN:69,(anonymous_11)
FN:81,(anonymous_12)
FNF:4
FNH:4
FNDA:6,(anonymous_9)
FNDA:6,(anonymous_10)
FNDA:6,(anonymous_11)
FNDA:16,(anonymous_12)
DA:2,1
DA:3,1
DA:8,1
DA:26,6
DA:27,4
DA:28,4
DA:29,4
DA:31,2
DA:37,6
DA:38,3
DA:39,3
DA:40,3
DA:41,3
DA:43,3
DA:57,1
DA:69,1
DA:70,6
DA:72,6
DA:74,5
DA:75,5
DA:81,1
DA:82,16
DA:89,16
DA:90,16
LF:24
LH:24
BRDA:26,0,0,4
BRDA:26,1,0,6
BRDA:26,1,1,4
BRDA:37,2,0,3
BRDA:37,3,0,6
BRDA:37,3,1,4
BRDA:37,3,2,4
BRDA:72,4,0,1
BRDA:75,5,0,5
BRDA:75,5,1,5
BRDA:89,6,0,16
BRDA:89,6,1,2
BRDA:90,7,0,16
BRDA:90,7,1,14
BRF:14
BRH:14
end_of_record
